{"logTime": "1001/131002", "correlationVector":"0TulFVh24kOWZ8PGJF1Jiz.68","action":"GetUpdates", "result":"DeleteReceived", "context":{"id":"92d932e4-e27c-4e63-9c96-ede715149e0b", "isDeleted:":"true", "version":"1724234664968"}}
{"logTime": "1001/131002", "correlationVector":"0TulFVh24kOWZ8PGJF1Jiz.69","action":"GetUpdates", "result":"DeleteReceived", "context":{"id":"49be78dc-204f-48cb-8bcb-e67eb16d0e82", "isDeleted:":"true", "version":"1724249815433"}}
{"logTime": "1001/131002", "correlationVector":"0TulFVh24kOWZ8PGJF1Jiz.70","action":"GetUpdates", "result":"DeleteReceived", "context":{"id":"d68a833b-ba2d-4e0d-858d-5f31113f342b", "isDeleted:":"true", "version":"1724271444538"}}
{"logTime": "1001/131002", "correlationVector":"0TulFVh24kOWZ8PGJF1Jiz.71","action":"GetUpdates", "result":"DeleteReceived", "context":{"id":"8baa3043-5b94-40cc-890b-c6693a303a60", "isDeleted:":"true", "version":"1724317614536"}}
{"logTime": "1001/131002", "correlationVector":"0TulFVh24kOWZ8PGJF1Jiz.72","action":"GetUpdates", "result":"DeleteReceived", "context":{"id":"0a3d9fa8-2249-4785-9584-aea08feaefbe", "isDeleted:":"true", "version":"1724328836914"}}
{"logTime": "1001/131002", "correlationVector":"0TulFVh24kOWZ8PGJF1Jiz.73","action":"GetUpdates", "result":"DeleteReceived", "context":{"id":"531b104c-4850-4fc1-933e-638395fe83ad", "isDeleted:":"true", "version":"1724329139565"}}
{"logTime": "1001/131002", "correlationVector":"0TulFVh24kOWZ8PGJF1Jiz.74","action":"GetUpdates", "result":"DeleteReceived", "context":{"id":"78b46e2e-2ba7-46c9-bb6f-edb1b1181e0f", "isDeleted:":"true", "version":"1724366614166"}}
{"logTime": "1001/131002", "correlationVector":"0TulFVh24kOWZ8PGJF1Jiz.75","action":"GetUpdates", "result":"DeleteReceived", "context":{"id":"6ae4e122-878b-44ac-bf8b-eaf5b5855618", "isDeleted:":"true", "version":"1724370266974"}}
{"logTime": "1001/131002", "correlationVector":"0TulFVh24kOWZ8PGJF1Jiz.76","action":"GetUpdates", "result":"DeleteReceived", "context":{"id":"925277bd-cbb3-4dc4-be31-a3d90777b83c", "isDeleted:":"true", "version":"1724422718855"}}
{"logTime": "1001/131002", "correlationVector":"0TulFVh24kOWZ8PGJF1Jiz.77","action":"GetUpdates", "result":"DeleteReceived", "context":{"id":"c50fd890-d00e-4e26-b8ca-f6d3d9c7a687", "isDeleted:":"true", "version":"1724422718856"}}
{"logTime": "1001/131002", "correlationVector":"0TulFVh24kOWZ8PGJF1Jiz.78","action":"GetUpdates", "result":"DeleteReceived", "context":{"id":"a67c729a-9e72-4cb3-8d67-9a1f4fde959f", "isDeleted:":"true", "version":"1724422718857"}}
{"logTime": "1001/131002", "correlationVector":"0TulFVh24kOWZ8PGJF1Jiz.79","action":"GetUpdates", "result":"DeleteReceived", "context":{"id":"f6884ca4-63a1-4bc3-bfad-21b337281015", "isDeleted:":"true", "version":"1724422718858"}}
{"logTime": "1001/131002", "correlationVector":"0TulFVh24kOWZ8PGJF1Jiz.80","action":"GetUpdates", "result":"DeleteReceived", "context":{"id":"4a0cab22-3b3c-4a7f-983a-2c7af0e771de", "isDeleted:":"true", "version":"1724422718859"}}
{"logTime": "1001/131002", "correlationVector":"0TulFVh24kOWZ8PGJF1Jiz.81","action":"GetUpdates", "result":"DeleteReceived", "context":{"id":"583ffe2f-cf62-499c-9d89-3ed8397478a0", "isDeleted:":"true", "version":"1724422718860"}}
{"logTime": "1001/131002", "correlationVector":"0TulFVh24kOWZ8PGJF1Jiz.82","action":"GetUpdates", "result":"DeleteReceived", "context":{"id":"38b226bf-65bb-43bd-b694-5893594ea4fb", "isDeleted:":"true", "version":"1724422718861"}}
{"logTime": "1001/131002", "correlationVector":"0TulFVh24kOWZ8PGJF1Jiz.83","action":"GetUpdates", "result":"DeleteReceived", "context":{"id":"fdf0e4c0-dfe7-4564-bb56-fb29667628a9", "isDeleted:":"true", "version":"1724422718862"}}
{"logTime": "1001/131002", "correlationVector":"0TulFVh24kOWZ8PGJF1Jiz.84","action":"GetUpdates", "result":"DeleteReceived", "context":{"id":"19b223c4-82d9-4263-a15a-3507828789bb", "isDeleted:":"true", "version":"1724422718863"}}
{"logTime": "1001/131002", "correlationVector":"0TulFVh24kOWZ8PGJF1Jiz.85","action":"GetUpdates", "result":"DeleteReceived", "context":{"id":"385bb42b-9dfc-49df-8586-4b246821ec89", "isDeleted:":"true", "version":"1724422718864"}}
{"logTime": "1001/131002", "correlationVector":"0TulFVh24kOWZ8PGJF1Jiz.86","action":"GetUpdates", "result":"DeleteReceived", "context":{"id":"8384bde9-7207-4e18-9644-7411b3dabc00", "isDeleted:":"true", "version":"1724422718865"}}
{"logTime": "1001/131002", "correlationVector":"0TulFVh24kOWZ8PGJF1Jiz.87","action":"GetUpdates", "result":"DeleteReceived", "context":{"id":"6e8bbef5-3472-4bdf-bedf-cca901722c28", "isDeleted:":"true", "version":"1724422718866"}}
{"logTime": "1001/131002", "correlationVector":"0TulFVh24kOWZ8PGJF1Jiz.88","action":"GetUpdates", "result":"DeleteReceived", "context":{"id":"351bda18-ef9c-41fe-b91d-b92ed4d0100e", "isDeleted:":"true", "version":"1724422718867"}}
{"logTime": "1001/131002", "correlationVector":"0TulFVh24kOWZ8PGJF1Jiz.89","action":"GetUpdates", "result":"DeleteReceived", "context":{"id":"be43638b-6ebf-4476-8f52-44a8cc7f8a9f", "isDeleted:":"true", "version":"1724422718868"}}
{"logTime": "1001/131002", "correlationVector":"0TulFVh24kOWZ8PGJF1Jiz.90","action":"GetUpdates", "result":"DeleteReceived", "context":{"id":"a6fc5f5d-49ad-4a1c-b6a0-e41b3710826a", "isDeleted:":"true", "version":"1724422718870"}}
{"logTime": "1001/131002", "correlationVector":"0TulFVh24kOWZ8PGJF1Jiz.91","action":"GetUpdates", "result":"DeleteReceived", "context":{"id":"153523dc-3680-4c3b-bbe7-8645c3164c55", "isDeleted:":"true", "version":"1724584573451"}}
{"logTime": "1001/131002", "correlationVector":"0TulFVh24kOWZ8PGJF1Jiz.92","action":"GetUpdates", "result":"DeleteReceived", "context":{"id":"098e94ad-3158-499a-bce8-f8f2ae56c41b", "isDeleted:":"true", "version":"1724584573454"}}
{"logTime": "1001/131002", "correlationVector":"0TulFVh24kOWZ8PGJF1Jiz.93","action":"GetUpdates", "result":"DeleteReceived", "context":{"id":"4ee1415c-bda8-489e-b4d8-64a76049727f", "isDeleted:":"true", "version":"1724666563482"}}
{"logTime": "1001/131002", "correlationVector":"0TulFVh24kOWZ8PGJF1Jiz.94","action":"GetUpdates", "result":"DeleteReceived", "context":{"id":"f8f7f50a-420f-4a2a-a501-77480a07f4bb", "isDeleted:":"true", "version":"1724737473477"}}
{"logTime": "1001/131002", "correlationVector":"0TulFVh24kOWZ8PGJF1Jiz.95","action":"GetUpdates", "result":"DeleteReceived", "context":{"id":"08c0ebdf-ace8-4cd0-88b7-772d670cb072", "isDeleted:":"true", "version":"1724860948044"}}
{"logTime": "1001/131002", "correlationVector":"0TulFVh24kOWZ8PGJF1Jiz.96","action":"GetUpdates", "result":"DeleteReceived", "context":{"id":"e41fef6b-7344-4fc5-936f-8902346284a8", "isDeleted:":"true", "version":"1724860948052"}}
{"logTime": "1001/131002", "correlationVector":"0TulFVh24kOWZ8PGJF1Jiz.97","action":"GetUpdates", "result":"DeleteReceived", "context":{"id":"20e46f7b-aebf-471d-970b-f5809234e355", "isDeleted:":"true", "version":"1724860983523"}}
{"logTime": "1001/131002", "correlationVector":"0TulFVh24kOWZ8PGJF1Jiz.98","action":"GetUpdates", "result":"DeleteReceived", "context":{"id":"60da6493-7db9-4d74-b0c8-7a51ee3b5c88", "isDeleted:":"true", "version":"1724931112640"}}
{"logTime": "1001/131002", "correlationVector":"0TulFVh24kOWZ8PGJF1Jiz.99","action":"GetUpdates", "result":"DeleteReceived", "context":{"id":"5e9751a5-bc13-47c6-8554-e0c780b3f619", "isDeleted:":"true", "version":"1724932272198"}}
{"logTime": "1001/131002", "correlationVector":"0TulFVh24kOWZ8PGJF1Jiz.100","action":"GetUpdates", "result":"DeleteReceived", "context":{"id":"d4b1f5e8-4d6a-44b2-98a2-5e41b3b74333", "isDeleted:":"true", "version":"1724932272199"}}
{"logTime": "1001/131002", "correlationVector":"0TulFVh24kOWZ8PGJF1Jiz.101","action":"GetUpdates", "result":"DeleteReceived", "context":{"id":"e9bd26f8-8de2-4206-b9f4-2c2570ab89d3", "isDeleted:":"true", "version":"1724956862338"}}
{"logTime": "1001/131002", "correlationVector":"0TulFVh24kOWZ8PGJF1Jiz.102","action":"GetUpdates", "result":"DeleteReceived", "context":{"id":"f039c67f-7fa7-4b76-9ff8-453a8c974885", "isDeleted:":"true", "version":"1725201061990"}}
{"logTime": "1001/131002", "correlationVector":"0TulFVh24kOWZ8PGJF1Jiz.103","action":"GetUpdates", "result":"DeleteReceived", "context":{"id":"bbd95381-9ed7-4d7b-ad11-92ddd68b7d90", "isDeleted:":"true", "version":"1725283523300"}}
{"logTime": "1001/131002", "correlationVector":"0TulFVh24kOWZ8PGJF1Jiz.104","action":"GetUpdates", "result":"DeleteReceived", "context":{"id":"e3258ceb-db89-4d96-a1e5-f3d16d479ee9", "isDeleted:":"true", "version":"1725283523301"}}
{"logTime": "1001/131002", "correlationVector":"0TulFVh24kOWZ8PGJF1Jiz.105","action":"GetUpdates", "result":"DeleteReceived", "context":{"id":"d6362d95-9d6a-48ed-bdc0-86b10f665225", "isDeleted:":"true", "version":"1725283523302"}}
{"logTime": "1001/131002", "correlationVector":"0TulFVh24kOWZ8PGJF1Jiz.106","action":"GetUpdates", "result":"DeleteReceived", "context":{"id":"697a604c-05be-478b-9093-03e9cf861f0c", "isDeleted:":"true", "version":"1725283523303"}}
{"logTime": "1001/131002", "correlationVector":"0TulFVh24kOWZ8PGJF1Jiz.107","action":"GetUpdates", "result":"DeleteReceived", "context":{"id":"4fd8d761-e5d5-492e-a33e-4d4cdb97e0b5", "isDeleted:":"true", "version":"1725283523304"}}
{"logTime": "1001/131002", "correlationVector":"0TulFVh24kOWZ8PGJF1Jiz.108","action":"GetUpdates", "result":"DeleteReceived", "context":{"id":"c7bfafe4-55f3-42c5-9272-5b83b32992ec", "isDeleted:":"true", "version":"1725283523305"}}
{"logTime": "1001/131002", "correlationVector":"0TulFVh24kOWZ8PGJF1Jiz.109","action":"GetUpdates", "result":"DeleteReceived", "context":{"id":"d1dfa5c3-8a81-4e42-9b45-ba935cbc87f8", "isDeleted:":"true", "version":"1725339091292"}}
{"logTime": "1001/131002", "correlationVector":"0TulFVh24kOWZ8PGJF1Jiz.110","action":"GetUpdates", "result":"DeleteReceived", "context":{"id":"91ba3d83-aff1-4d5a-95a9-1f20eec2d5d3", "isDeleted:":"true", "version":"1725352707320"}}
{"logTime": "1001/131002", "correlationVector":"0TulFVh24kOWZ8PGJF1Jiz.111","action":"GetUpdates", "result":"DeleteReceived", "context":{"id":"16db26de-ee62-467b-a0d1-1303038d559b", "isDeleted:":"true", "version":"1725353662844"}}
{"logTime": "1001/131002", "correlationVector":"0TulFVh24kOWZ8PGJF1Jiz.112","action":"GetUpdates", "result":"DeleteReceived", "context":{"id":"0905bf6c-e686-408f-8060-1ed1f9310b40", "isDeleted:":"true", "version":"1725354338664"}}
{"logTime": "1001/131002", "correlationVector":"0TulFVh24kOWZ8PGJF1Jiz.113","action":"GetUpdates", "result":"DeleteReceived", "context":{"id":"6f1a6e21-583f-409c-bdd9-60e3bba5eb6c", "isDeleted:":"true", "version":"1725356421780"}}
{"logTime": "1001/131002", "correlationVector":"0TulFVh24kOWZ8PGJF1Jiz.114","action":"GetUpdates", "result":"DeleteReceived", "context":{"id":"cdf30247-2f58-46ce-818f-6d8a63186091", "isDeleted:":"true", "version":"1725356421781"}}
{"logTime": "1001/131002", "correlationVector":"0TulFVh24kOWZ8PGJF1Jiz.115","action":"GetUpdates", "result":"DeleteReceived", "context":{"id":"3553bf59-7576-4013-9eff-cfe95f58b83e", "isDeleted:":"true", "version":"1725357748699"}}
{"logTime": "1001/131002", "correlationVector":"0TulFVh24kOWZ8PGJF1Jiz.116","action":"GetUpdates", "result":"DeleteReceived", "context":{"id":"840f6bbd-37e5-40ad-ac6b-0fd8da7c46e1", "isDeleted:":"true", "version":"1725359708915"}}
{"logTime": "1001/131002", "correlationVector":"0TulFVh24kOWZ8PGJF1Jiz.117","action":"GetUpdates", "result":"DeleteReceived", "context":{"id":"5b39a001-3f08-48b3-b5b4-6bb77241632c", "isDeleted:":"true", "version":"1725375547697"}}
{"logTime": "1001/131002", "correlationVector":"0TulFVh24kOWZ8PGJF1Jiz.118","action":"GetUpdates", "result":"DeleteReceived", "context":{"id":"af515009-9214-4297-915b-943c56b90be2", "isDeleted:":"true", "version":"1725375547698"}}
{"logTime": "1001/131002", "correlationVector":"0TulFVh24kOWZ8PGJF1Jiz.119","action":"GetUpdates", "result":"DeleteReceived", "context":{"id":"391daee7-3e69-4675-be76-b78d2c772c3b", "isDeleted:":"true", "version":"1725375547700"}}
{"logTime": "1001/131002", "correlationVector":"0TulFVh24kOWZ8PGJF1Jiz.120","action":"GetUpdates", "result":"DeleteReceived", "context":{"id":"9d0fe3b0-2504-4515-be8f-9b014f02b64a", "isDeleted:":"true", "version":"1725441351995"}}
{"logTime": "1001/131002", "correlationVector":"0TulFVh24kOWZ8PGJF1Jiz.121","action":"GetUpdates", "result":"DeleteReceived", "context":{"id":"fdfefe21-a417-484a-a63d-e876a282f8b8", "isDeleted:":"true", "version":"1725441351996"}}
{"logTime": "1001/131002", "correlationVector":"0TulFVh24kOWZ8PGJF1Jiz.122","action":"GetUpdates", "result":"DeleteReceived", "context":{"id":"135f2f19-9c73-46d3-926c-b1d3945e22e2", "isDeleted:":"true", "version":"1725441351997"}}
{"logTime": "1001/131002", "correlationVector":"0TulFVh24kOWZ8PGJF1Jiz.123","action":"GetUpdates", "result":"DeleteReceived", "context":{"id":"21e5a5b2-18b1-4087-9b04-729705ad5b2d", "isDeleted:":"true", "version":"1725441351998"}}
{"logTime": "1001/131002", "correlationVector":"0TulFVh24kOWZ8PGJF1Jiz.124","action":"GetUpdates", "result":"DeleteReceived", "context":{"id":"3a842fc2-8368-4371-9a7f-c4827c2dcb7c", "isDeleted:":"true", "version":"1725441351999"}}
{"logTime": "1001/131002", "correlationVector":"0TulFVh24kOWZ8PGJF1Jiz.125","action":"GetUpdates", "result":"DeleteReceived", "context":{"id":"7e5643d2-0bfd-4589-807f-67b89e3e86be", "isDeleted:":"true", "version":"1725441352000"}}
{"logTime": "1001/131002", "correlationVector":"0TulFVh24kOWZ8PGJF1Jiz.126","action":"GetUpdates", "result":"DeleteReceived", "context":{"id":"1a283b48-36eb-44da-a232-db42ececcd66", "isDeleted:":"true", "version":"1725441352001"}}
{"logTime": "1001/131002", "correlationVector":"0TulFVh24kOWZ8PGJF1Jiz.127","action":"GetUpdates", "result":"DeleteReceived", "context":{"id":"36bb961e-3ac2-4d85-b042-27e37cf1a9b2", "isDeleted:":"true", "version":"1725441352003"}}
{"logTime": "1001/131002", "correlationVector":"0TulFVh24kOWZ8PGJF1Jiz.128","action":"GetUpdates", "result":"DeleteReceived", "context":{"id":"9b5aefa5-cb87-4d9f-b873-5322380113e0", "isDeleted:":"true", "version":"1725441352004"}}
{"logTime": "1001/131002", "correlationVector":"0TulFVh24kOWZ8PGJF1Jiz.129","action":"GetUpdates", "result":"DeleteReceived", "context":{"id":"1cd215cc-449c-4823-84b6-bdb6b66f5482", "isDeleted:":"true", "version":"1725441352005"}}
{"logTime": "1001/131002", "correlationVector":"0TulFVh24kOWZ8PGJF1Jiz.130","action":"GetUpdates", "result":"DeleteReceived", "context":{"id":"2a722fd2-3fef-4ac8-bdd2-4b12cbc45901", "isDeleted:":"true", "version":"1725441352006"}}
{"logTime": "1001/131002", "correlationVector":"0TulFVh24kOWZ8PGJF1Jiz.131","action":"GetUpdates", "result":"DeleteReceived", "context":{"id":"20eced8d-19fc-45cd-b57f-a39989d1e2dd", "isDeleted:":"true", "version":"1725441352007"}}
{"logTime": "1001/131002", "correlationVector":"0TulFVh24kOWZ8PGJF1Jiz.132","action":"GetUpdates", "result":"DeleteReceived", "context":{"id":"84de5594-dc51-4bd4-ad77-586e286fbadf", "isDeleted:":"true", "version":"1725441352008"}}
{"logTime": "1001/131002", "correlationVector":"0TulFVh24kOWZ8PGJF1Jiz.133","action":"GetUpdates", "result":"DeleteReceived", "context":{"id":"3ebc436b-66a2-450c-96d3-064773baf4c6", "isDeleted:":"true", "version":"1725441352009"}}
{"logTime": "1001/131002", "correlationVector":"0TulFVh24kOWZ8PGJF1Jiz.134","action":"GetUpdates", "result":"DeleteReceived", "context":{"id":"d0dddaa0-d89b-4460-be18-5b9b40cce41b", "isDeleted:":"true", "version":"1725441352010"}}
{"logTime": "1001/131002", "correlationVector":"0TulFVh24kOWZ8PGJF1Jiz.135","action":"GetUpdates", "result":"DeleteReceived", "context":{"id":"87ec4cc0-439c-4e28-ac41-dba883e4e47c", "isDeleted:":"true", "version":"1725441352012"}}
{"logTime": "1001/131002", "correlationVector":"0TulFVh24kOWZ8PGJF1Jiz.136","action":"GetUpdates", "result":"DeleteReceived", "context":{"id":"ad719444-e6b1-4c84-9fcf-75110b3f89da", "isDeleted:":"true", "version":"1725550213168"}}
{"logTime": "1001/131002", "correlationVector":"0TulFVh24kOWZ8PGJF1Jiz.137","action":"GetUpdates", "result":"DeleteReceived", "context":{"id":"9392fbe7-d06b-4301-9aef-0005d92543ec", "isDeleted:":"true", "version":"1725550213176"}}
{"logTime": "1001/131002", "correlationVector":"0TulFVh24kOWZ8PGJF1Jiz.138","action":"GetUpdates", "result":"DeleteReceived", "context":{"id":"e940a793-72cc-44f2-9bad-a93c6a896e05", "isDeleted:":"true", "version":"1725609821077"}}
{"logTime": "1001/131002", "correlationVector":"0TulFVh24kOWZ8PGJF1Jiz.139","action":"GetUpdates", "result":"DeleteReceived", "context":{"id":"2dc8d413-f3db-4671-a5da-37fdd1359e50", "isDeleted:":"true", "version":"1725654776510"}}
{"logTime": "1001/131002", "correlationVector":"0TulFVh24kOWZ8PGJF1Jiz.140","action":"GetUpdates", "result":"DeleteReceived", "context":{"id":"5e72977c-f763-4fb2-b07e-a0f7766a212c", "isDeleted:":"true", "version":"1725654776511"}}
{"logTime": "1001/131002", "correlationVector":"0TulFVh24kOWZ8PGJF1Jiz.141","action":"GetUpdates Response", "result":"Success", "context":Received 250 update(s). cV=0TulFVh24kOWZ8PGJF1Jiz.0;server=GENERAL0100000A;cloudType=Consumer;environment=Prod_WestEurope_x00e;migrationStage=NotStarted Some updates remain.}
{"logTime": "1001/131002", "correlationVector":"4le4lAU25E6DnxhzJX0x20","action":"Initial GetUpdates", "result":"", "context":Reason: NEWLY_SUPPORTED_DATATYPE. cV=4le4lAU25E6DnxhzJX0x20}
{"logTime": "1001/131004", "correlationVector":"4le4lAU25E6DnxhzJX0x20.1","action":"SyncServerConnectionManagerRequest", "result":"SYNC_SERVER_OK", "context":{"environment":"Prod_NorthEurope_x00f", "migrationStage":"NotStarted", "server":"GENERAL01000009"}}
{"logTime": "1001/131004", "correlationVector":"4le4lAU25E6DnxhzJX0x20.2","action":"GetUpdates", "result":"DeleteReceived", "context":{"id":"046f1f90-1b1f-4602-bb89-a0a6dc74dfab", "isDeleted:":"true", "version":"1726483346262"}}
{"logTime": "1001/131004", "correlationVector":"4le4lAU25E6DnxhzJX0x20.3","action":"GetUpdates", "result":"DeleteReceived", "context":{"id":"232dd711-d981-41f2-bff6-8fcc84185f96", "isDeleted:":"true", "version":"1727449287310"}}
{"logTime": "1001/131004", "correlationVector":"4le4lAU25E6DnxhzJX0x20.4","action":"GetUpdates", "result":"DeleteReceived", "context":{"id":"3f89186a-fd9d-4ad7-ba9f-75998c3eaecf", "isDeleted:":"true", "version":"1725656469659"}}
{"logTime": "1001/131004", "correlationVector":"4le4lAU25E6DnxhzJX0x20.5","action":"GetUpdates", "result":"DeleteReceived", "context":{"id":"dedd34e7-045d-4d75-b96c-2a4746b46a6e", "isDeleted:":"true", "version":"1725684963169"}}
{"logTime": "1001/131004", "correlationVector":"4le4lAU25E6DnxhzJX0x20.6","action":"GetUpdates", "result":"DeleteReceived", "context":{"id":"282b60f7-8b4b-4316-8b69-025c20ac2ab7", "isDeleted:":"true", "version":"1725889810251"}}
{"logTime": "1001/131004", "correlationVector":"4le4lAU25E6DnxhzJX0x20.7","action":"GetUpdates", "result":"DeleteReceived", "context":{"id":"362e9a84-7a0d-47aa-8dff-06a1dc0369f3", "isDeleted:":"true", "version":"1725892341777"}}
{"logTime": "1001/131004", "correlationVector":"4le4lAU25E6DnxhzJX0x20.8","action":"GetUpdates", "result":"DeleteReceived", "context":{"id":"673ce701-6eed-4ee8-9881-f6a61f59be1a", "isDeleted:":"true", "version":"1725892812023"}}
{"logTime": "1001/131004", "correlationVector":"4le4lAU25E6DnxhzJX0x20.9","action":"GetUpdates", "result":"DeleteReceived", "context":{"id":"5d0a9e38-bfec-473b-ae05-d68fdb3363c5", "isDeleted:":"true", "version":"1725893027444"}}
{"logTime": "1001/131004", "correlationVector":"4le4lAU25E6DnxhzJX0x20.10","action":"GetUpdates", "result":"DeleteReceived", "context":{"id":"fc4a1ebe-f58b-4e68-a0a4-d7b38e22f7a8", "isDeleted:":"true", "version":"1725894165661"}}
{"logTime": "1001/131004", "correlationVector":"4le4lAU25E6DnxhzJX0x20.11","action":"GetUpdates", "result":"DeleteReceived", "context":{"id":"f80927db-90fe-44d0-b07c-817b10667e43", "isDeleted:":"true", "version":"1725894165662"}}
{"logTime": "1001/131004", "correlationVector":"4le4lAU25E6DnxhzJX0x20.12","action":"GetUpdates", "result":"DeleteReceived", "context":{"id":"57f75f82-6cb3-4f07-8e00-5e14b255ef78", "isDeleted:":"true", "version":"1725894368873"}}
{"logTime": "1001/131004", "correlationVector":"4le4lAU25E6DnxhzJX0x20.13","action":"GetUpdates", "result":"DeleteReceived", "context":{"id":"005c81d1-bcf6-44a2-8eb8-8aee40f52c88", "isDeleted:":"true", "version":"1725894784302"}}
{"logTime": "1001/131004", "correlationVector":"4le4lAU25E6DnxhzJX0x20.14","action":"GetUpdates", "result":"DeleteReceived", "context":{"id":"99e7fbd9-efe1-4c86-b522-450eaf2ece66", "isDeleted:":"true", "version":"1725896039815"}}
{"logTime": "1001/131004", "correlationVector":"4le4lAU25E6DnxhzJX0x20.15","action":"GetUpdates", "result":"DeleteReceived", "context":{"id":"ad60885c-886b-4116-98e9-6a8c81ec597d", "isDeleted:":"true", "version":"1725966608820"}}
{"logTime": "1001/131004", "correlationVector":"4le4lAU25E6DnxhzJX0x20.16","action":"GetUpdates", "result":"DeleteReceived", "context":{"id":"3d28a507-4c53-4b48-bb53-bc4ff11b4287", "isDeleted:":"true", "version":"1725966608821"}}
{"logTime": "1001/131004", "correlationVector":"4le4lAU25E6DnxhzJX0x20.17","action":"GetUpdates", "result":"DeleteReceived", "context":{"id":"d442a994-b284-40a0-853a-11889f05383f", "isDeleted:":"true", "version":"1725966608822"}}
{"logTime": "1001/131004", "correlationVector":"4le4lAU25E6DnxhzJX0x20.18","action":"GetUpdates", "result":"DeleteReceived", "context":{"id":"53d80298-38e8-42d8-8c76-e54b245436bd", "isDeleted:":"true", "version":"1725966608824"}}
{"logTime": "1001/131004", "correlationVector":"4le4lAU25E6DnxhzJX0x20.19","action":"GetUpdates", "result":"DeleteReceived", "context":{"id":"584ca858-db55-4590-9b7b-6d7c5a12c2ba", "isDeleted:":"true", "version":"1725986778790"}}
{"logTime": "1001/131004", "correlationVector":"4le4lAU25E6DnxhzJX0x20.20","action":"GetUpdates", "result":"DeleteReceived", "context":{"id":"92267190-c5ad-4cb8-bfe8-8289f752c191", "isDeleted:":"true", "version":"1725986778791"}}
{"logTime": "1001/131004", "correlationVector":"4le4lAU25E6DnxhzJX0x20.21","action":"GetUpdates", "result":"DeleteReceived", "context":{"id":"4ee030d0-e39d-42ad-bb03-68e09337c968", "isDeleted:":"true", "version":"1725986778792"}}
{"logTime": "1001/131004", "correlationVector":"4le4lAU25E6DnxhzJX0x20.22","action":"GetUpdates", "result":"DeleteReceived", "context":{"id":"0583f850-95df-4f21-b811-45921bc1f44a", "isDeleted:":"true", "version":"1725986778793"}}
{"logTime": "1001/131004", "correlationVector":"4le4lAU25E6DnxhzJX0x20.23","action":"GetUpdates", "result":"DeleteReceived", "context":{"id":"0e4caa48-62cc-42ee-981b-4f5091c2cc2e", "isDeleted:":"true", "version":"1726049520882"}}
{"logTime": "1001/131004", "correlationVector":"4le4lAU25E6DnxhzJX0x20.24","action":"GetUpdates", "result":"DeleteReceived", "context":{"id":"4cf70d39-fec1-4e6b-9ff2-c3cdc9ddbd9f", "isDeleted:":"true", "version":"1726134213072"}}
{"logTime": "1001/131004", "correlationVector":"4le4lAU25E6DnxhzJX0x20.25","action":"GetUpdates", "result":"DeleteReceived", "context":{"id":"e4aee084-4b5a-4882-9f0a-67e13d2112a8", "isDeleted:":"true", "version":"1726134239189"}}
{"logTime": "1001/131004", "correlationVector":"4le4lAU25E6DnxhzJX0x20.26","action":"GetUpdates", "result":"DeleteReceived", "context":{"id":"9c6b9fd6-f59b-46ca-9776-66f58a28c5fb", "isDeleted:":"true", "version":"1726134239190"}}
{"logTime": "1001/131004", "correlationVector":"4le4lAU25E6DnxhzJX0x20.27","action":"GetUpdates", "result":"DeleteReceived", "context":{"id":"2b93554b-3271-4a01-9e1a-defbc0fc53f1", "isDeleted:":"true", "version":"1726134239191"}}
{"logTime": "1001/131004", "correlationVector":"4le4lAU25E6DnxhzJX0x20.28","action":"GetUpdates", "result":"DeleteReceived", "context":{"id":"93eed954-9f2e-4d27-89bb-6df87b25c8af", "isDeleted:":"true", "version":"1726176858226"}}
{"logTime": "1001/131004", "correlationVector":"4le4lAU25E6DnxhzJX0x20.29","action":"GetUpdates", "result":"DeleteReceived", "context":{"id":"517d9482-ea4f-4386-bb1a-05bb2a4e6769", "isDeleted:":"true", "version":"1726177421713"}}
{"logTime": "1001/131004", "correlationVector":"4le4lAU25E6DnxhzJX0x20.30","action":"GetUpdates", "result":"DeleteReceived", "context":{"id":"979fcbce-ccdc-44b2-89e7-aeec39677790", "isDeleted:":"true", "version":"1726178626678"}}
{"logTime": "1001/131004", "correlationVector":"4le4lAU25E6DnxhzJX0x20.31","action":"GetUpdates", "result":"DeleteReceived", "context":{"id":"3fcaf067-612c-4a73-be6f-c648465f1216", "isDeleted:":"true", "version":"1726179171609"}}
{"logTime": "1001/131004", "correlationVector":"4le4lAU25E6DnxhzJX0x20.32","action":"GetUpdates", "result":"DeleteReceived", "context":{"id":"8af4b5cf-be29-45ff-9b08-c4c1961add18", "isDeleted:":"true", "version":"1726179171610"}}
{"logTime": "1001/131004", "correlationVector":"4le4lAU25E6DnxhzJX0x20.33","action":"GetUpdates", "result":"DeleteReceived", "context":{"id":"3deebfe8-5109-4523-a013-ed0955641ad5", "isDeleted:":"true", "version":"1726179171611"}}
{"logTime": "1001/131004", "correlationVector":"4le4lAU25E6DnxhzJX0x20.34","action":"GetUpdates", "result":"DeleteReceived", "context":{"id":"5d35bfe6-4bef-4c83-981e-b7144c5dc556", "isDeleted:":"true", "version":"1726180184395"}}
{"logTime": "1001/131004", "correlationVector":"4le4lAU25E6DnxhzJX0x20.35","action":"GetUpdates", "result":"DeleteReceived", "context":{"id":"0877366b-e955-4f41-819e-3b536c9dbba0", "isDeleted:":"true", "version":"1726180224030"}}
{"logTime": "1001/131004", "correlationVector":"4le4lAU25E6DnxhzJX0x20.36","action":"GetUpdates", "result":"DeleteReceived", "context":{"id":"7fc212c7-8ff1-47ec-9ce3-eee65e71bdbb", "isDeleted:":"true", "version":"1726180349532"}}
{"logTime": "1001/131004", "correlationVector":"4le4lAU25E6DnxhzJX0x20.37","action":"GetUpdates", "result":"DeleteReceived", "context":{"id":"c9161037-8f15-42ec-b5d0-1840df5fc54d", "isDeleted:":"true", "version":"1726180419403"}}
{"logTime": "1001/131004", "correlationVector":"4le4lAU25E6DnxhzJX0x20.38","action":"GetUpdates", "result":"DeleteReceived", "context":{"id":"f6b84432-dd3a-4c16-aa77-4902d05d69d5", "isDeleted:":"true", "version":"1726181282296"}}
{"logTime": "1001/131004", "correlationVector":"4le4lAU25E6DnxhzJX0x20.39","action":"GetUpdates", "result":"DeleteReceived", "context":{"id":"c00b1785-522b-4777-aa9a-d8e6cdcf66d9", "isDeleted:":"true", "version":"1726417750000"}}
{"logTime": "1001/131004", "correlationVector":"4le4lAU25E6DnxhzJX0x20.40","action":"GetUpdates", "result":"DeleteReceived", "context":{"id":"41fa94f1-6ce7-421f-aac3-c89aa98b7cab", "isDeleted:":"true", "version":"1726417750001"}}
{"logTime": "1001/131004", "correlationVector":"4le4lAU25E6DnxhzJX0x20.41","action":"GetUpdates", "result":"DeleteReceived", "context":{"id":"b7fd0220-f179-4eb5-8d4b-be77ef71ab8e", "isDeleted:":"true", "version":"1726419503910"}}
{"logTime": "1001/131004", "correlationVector":"4le4lAU25E6DnxhzJX0x20.42","action":"GetUpdates", "result":"DeleteReceived", "context":{"id":"25d38e31-8511-4cf1-af20-9c74a9169eb4", "isDeleted:":"true", "version":"1726419503911"}}
{"logTime": "1001/131004", "correlationVector":"4le4lAU25E6DnxhzJX0x20.43","action":"GetUpdates", "result":"DeleteReceived", "context":{"id":"40bb8292-9573-4f72-9a59-6845c4c91222", "isDeleted:":"true", "version":"1726419503912"}}
{"logTime": "1001/131004", "correlationVector":"4le4lAU25E6DnxhzJX0x20.44","action":"GetUpdates", "result":"DeleteReceived", "context":{"id":"07a8df4c-fdf0-46d1-8476-59f1615ce457", "isDeleted:":"true", "version":"1726419503913"}}
{"logTime": "1001/131004", "correlationVector":"4le4lAU25E6DnxhzJX0x20.45","action":"GetUpdates", "result":"DeleteReceived", "context":{"id":"6d39be54-2bbb-419f-a609-f651b3e06f74", "isDeleted:":"true", "version":"1726483346263"}}
{"logTime": "1001/131004", "correlationVector":"4le4lAU25E6DnxhzJX0x20.46","action":"GetUpdates", "result":"DeleteReceived", "context":{"id":"673ed24a-8a94-4ccf-a7ec-04a827a3c4e5", "isDeleted:":"true", "version":"1726483346264"}}
{"logTime": "1001/131004", "correlationVector":"4le4lAU25E6DnxhzJX0x20.47","action":"GetUpdates", "result":"DeleteReceived", "context":{"id":"b140a231-0338-4d24-a1e7-1fd0138a23b4", "isDeleted:":"true", "version":"1726486297341"}}
{"logTime": "1001/131004", "correlationVector":"4le4lAU25E6DnxhzJX0x20.48","action":"GetUpdates", "result":"DeleteReceived", "context":{"id":"68d70ed0-bbb6-4c14-bae6-666dfee77457", "isDeleted:":"true", "version":"1726494663187"}}
{"logTime": "1001/131004", "correlationVector":"4le4lAU25E6DnxhzJX0x20.49","action":"GetUpdates", "result":"DeleteReceived", "context":{"id":"2fd66025-fff5-47cb-b0ab-bf18169c8d5e", "isDeleted:":"true", "version":"1726494663188"}}
{"logTime": "1001/131004", "correlationVector":"4le4lAU25E6DnxhzJX0x20.50","action":"GetUpdates", "result":"DeleteReceived", "context":{"id":"d0109083-316e-4d96-9a45-b536732d5587", "isDeleted:":"true", "version":"1726521962935"}}
{"logTime": "1001/131004", "correlationVector":"4le4lAU25E6DnxhzJX0x20.51","action":"GetUpdates", "result":"DeleteReceived", "context":{"id":"19cd8f09-03a0-4ed0-8bd9-ccc4f659c97e", "isDeleted:":"true", "version":"1726528398551"}}
{"logTime": "1001/131004", "correlationVector":"4le4lAU25E6DnxhzJX0x20.52","action":"GetUpdates", "result":"DeleteReceived", "context":{"id":"8a4168b2-563a-47a0-962b-4e49320c9328", "isDeleted:":"true", "version":"1726573553622"}}
{"logTime": "1001/131004", "correlationVector":"4le4lAU25E6DnxhzJX0x20.53","action":"GetUpdates", "result":"DeleteReceived", "context":{"id":"4fc87ca1-1cbe-4ac4-bf4c-a7cf5adf114f", "isDeleted:":"true", "version":"1726574970255"}}
{"logTime": "1001/131004", "correlationVector":"4le4lAU25E6DnxhzJX0x20.54","action":"GetUpdates", "result":"DeleteReceived", "context":{"id":"41d8cc70-5e4f-49e8-925c-be23e15269f7", "isDeleted:":"true", "version":"1726575874113"}}
{"logTime": "1001/131004", "correlationVector":"4le4lAU25E6DnxhzJX0x20.55","action":"GetUpdates", "result":"DeleteReceived", "context":{"id":"b0a96a1a-de14-4ea2-931a-658e4ff65c04", "isDeleted:":"true", "version":"1726575874115"}}
{"logTime": "1001/131004", "correlationVector":"4le4lAU25E6DnxhzJX0x20.56","action":"GetUpdates", "result":"DeleteReceived", "context":{"id":"c65c7074-1121-4333-a2db-7d5520d6dd5c", "isDeleted:":"true", "version":"1726576026382"}}
{"logTime": "1001/131004", "correlationVector":"4le4lAU25E6DnxhzJX0x20.57","action":"GetUpdates", "result":"DeleteReceived", "context":{"id":"4f205a31-d703-4186-b621-b1a923bd243a", "isDeleted:":"true", "version":"1726576026383"}}
{"logTime": "1001/131004", "correlationVector":"4le4lAU25E6DnxhzJX0x20.58","action":"GetUpdates", "result":"DeleteReceived", "context":{"id":"39bdc386-1e83-429b-9c95-23356cc59710", "isDeleted:":"true", "version":"1726576258544"}}
{"logTime": "1001/131004", "correlationVector":"4le4lAU25E6DnxhzJX0x20.59","action":"GetUpdates", "result":"DeleteReceived", "context":{"id":"596c4b9b-9183-4836-98ef-ef02c55938bf", "isDeleted:":"true", "version":"1726584134574"}}
{"logTime": "1001/131004", "correlationVector":"4le4lAU25E6DnxhzJX0x20.60","action":"GetUpdates", "result":"DeleteReceived", "context":{"id":"6532e616-d9bd-497a-b283-c8359be4f345", "isDeleted:":"true", "version":"1726587422728"}}
{"logTime": "1001/131004", "correlationVector":"4le4lAU25E6DnxhzJX0x20.61","action":"GetUpdates", "result":"DeleteReceived", "context":{"id":"a0fb651e-2014-4774-af36-10dc9af3e847", "isDeleted:":"true", "version":"1726587454846"}}
{"logTime": "1001/131004", "correlationVector":"4le4lAU25E6DnxhzJX0x20.62","action":"GetUpdates", "result":"DeleteReceived", "context":{"id":"afd80b9f-d3e5-4b87-a734-a00b159961a2", "isDeleted:":"true", "version":"1726696134988"}}
{"logTime": "1001/131004", "correlationVector":"4le4lAU25E6DnxhzJX0x20.63","action":"GetUpdates", "result":"DeleteReceived", "context":{"id":"84a8ef1b-e6d6-441f-935c-5feb2ccb79eb", "isDeleted:":"true", "version":"1726726891564"}}
{"logTime": "1001/131004", "correlationVector":"4le4lAU25E6DnxhzJX0x20.64","action":"GetUpdates", "result":"DeleteReceived", "context":{"id":"fd9a6ed2-0df4-4149-977e-f31394270f40", "isDeleted:":"true", "version":"1726729227540"}}
{"logTime": "1001/131004", "correlationVector":"4le4lAU25E6DnxhzJX0x20.65","action":"GetUpdates", "result":"DeleteReceived", "context":{"id":"1932001b-ac18-43c3-95ca-bb93f12ab2f6", "isDeleted:":"true", "version":"1726742700362"}}
{"logTime": "1001/131004", "correlationVector":"4le4lAU25E6DnxhzJX0x20.66","action":"GetUpdates", "result":"DeleteReceived", "context":{"id":"174f2a73-6fcf-4650-9c23-b0ed6f9a9e8f", "isDeleted:":"true", "version":"1726743193876"}}
{"logTime": "1001/131004", "correlationVector":"4le4lAU25E6DnxhzJX0x20.67","action":"GetUpdates", "result":"DeleteReceived", "context":{"id":"2a26929e-f19c-43d8-8373-56a739116f13", "isDeleted:":"true", "version":"1726743193877"}}
{"logTime": "1001/131004", "correlationVector":"4le4lAU25E6DnxhzJX0x20.68","action":"GetUpdates", "result":"DeleteReceived", "context":{"id":"3f573159-0c71-420c-b549-fc0ebe405d1c", "isDeleted:":"true", "version":"1726743193878"}}
{"logTime": "1001/131004", "correlationVector":"4le4lAU25E6DnxhzJX0x20.69","action":"GetUpdates", "result":"DeleteReceived", "context":{"id":"b8565c37-d7df-48b0-b416-b8af8eb9574d", "isDeleted:":"true", "version":"1726747137043"}}
{"logTime": "1001/131004", "correlationVector":"4le4lAU25E6DnxhzJX0x20.70","action":"GetUpdates", "result":"DeleteReceived", "context":{"id":"15035ec6-ec4d-428c-8969-36c5996d9e90", "isDeleted:":"true", "version":"1726747456105"}}
{"logTime": "1001/131004", "correlationVector":"4le4lAU25E6DnxhzJX0x20.71","action":"GetUpdates", "result":"DeleteReceived", "context":{"id":"8921907a-c552-4a59-acdc-afa6e9d4f8df", "isDeleted:":"true", "version":"1726748823244"}}
{"logTime": "1001/131004", "correlationVector":"4le4lAU25E6DnxhzJX0x20.72","action":"GetUpdates", "result":"DeleteReceived", "context":{"id":"0c54e5ae-1f42-4f1a-85e0-22935521945a", "isDeleted:":"true", "version":"1726761280198"}}
{"logTime": "1001/131004", "correlationVector":"4le4lAU25E6DnxhzJX0x20.73","action":"GetUpdates", "result":"DeleteReceived", "context":{"id":"9df7a161-a4bc-4bdc-a606-90ad27ec1696", "isDeleted:":"true", "version":"1726761396018"}}
{"logTime": "1001/131004", "correlationVector":"4le4lAU25E6DnxhzJX0x20.74","action":"GetUpdates", "result":"DeleteReceived", "context":{"id":"63cd72d7-13d6-4ac6-ab02-25b46112616e", "isDeleted:":"true", "version":"1726779294571"}}
{"logTime": "1001/131004", "correlationVector":"4le4lAU25E6DnxhzJX0x20.75","action":"GetUpdates", "result":"DeleteReceived", "context":{"id":"1837266f-b16e-4c71-82a1-71dd4ef82f44", "isDeleted:":"true", "version":"1726996533443"}}
{"logTime": "1001/131004", "correlationVector":"4le4lAU25E6DnxhzJX0x20.76","action":"GetUpdates", "result":"DeleteReceived", "context":{"id":"f3bda1b8-cb23-452f-b9bf-25851a045d37", "isDeleted:":"true", "version":"1726996533444"}}
{"logTime": "1001/131004", "correlationVector":"4le4lAU25E6DnxhzJX0x20.77","action":"GetUpdates", "result":"DeleteReceived", "context":{"id":"534c7e3a-603b-41b6-8b57-68244d33f8ed", "isDeleted:":"true", "version":"1726996533446"}}
{"logTime": "1001/131004", "correlationVector":"4le4lAU25E6DnxhzJX0x20.78","action":"GetUpdates", "result":"DeleteReceived", "context":{"id":"33849f16-029f-46e6-9b45-3a2a3c36e4b7", "isDeleted:":"true", "version":"1727021669332"}}
{"logTime": "1001/131004", "correlationVector":"4le4lAU25E6DnxhzJX0x20.79","action":"GetUpdates", "result":"DeleteReceived", "context":{"id":"c08ed128-c23c-4d4f-ba05-e7eb110eee18", "isDeleted:":"true", "version":"1727037005135"}}
{"logTime": "1001/131004", "correlationVector":"4le4lAU25E6DnxhzJX0x20.80","action":"GetUpdates", "result":"DeleteReceived", "context":{"id":"2d2cad66-96bf-495f-8de3-10c52ac937b3", "isDeleted:":"true", "version":"1727037005136"}}
{"logTime": "1001/131004", "correlationVector":"4le4lAU25E6DnxhzJX0x20.81","action":"GetUpdates", "result":"DeleteReceived", "context":{"id":"9e77b03e-5485-47a1-a297-21fd6079bc74", "isDeleted:":"true", "version":"1727037005137"}}
{"logTime": "1001/131004", "correlationVector":"4le4lAU25E6DnxhzJX0x20.82","action":"GetUpdates", "result":"DeleteReceived", "context":{"id":"001d26d0-b3fd-4f20-b8fd-aaed60670e89", "isDeleted:":"true", "version":"1727037005139"}}
{"logTime": "1001/131004", "correlationVector":"4le4lAU25E6DnxhzJX0x20.83","action":"GetUpdates", "result":"DeleteReceived", "context":{"id":"4a9c692f-fd36-4fd7-8bbe-7c4598652d23", "isDeleted:":"true", "version":"1727038249036"}}
{"logTime": "1001/131004", "correlationVector":"4le4lAU25E6DnxhzJX0x20.84","action":"GetUpdates", "result":"DeleteReceived", "context":{"id":"371d425d-632f-4751-99b0-af72725ee7d1", "isDeleted:":"true", "version":"1727066897738"}}
{"logTime": "1001/131004", "correlationVector":"4le4lAU25E6DnxhzJX0x20.85","action":"GetUpdates", "result":"DeleteReceived", "context":{"id":"3cc15fe2-a093-4fad-b542-4acc6c5de458", "isDeleted:":"true", "version":"1727237752333"}}
{"logTime": "1001/131004", "correlationVector":"4le4lAU25E6DnxhzJX0x20.86","action":"GetUpdates", "result":"DeleteReceived", "context":{"id":"e374245a-5b01-4278-aa7a-206ce72bb2a7", "isDeleted:":"true", "version":"1727275183499"}}
{"logTime": "1001/131004", "correlationVector":"4le4lAU25E6DnxhzJX0x20.87","action":"GetUpdates", "result":"DeleteReceived", "context":{"id":"4eb00e52-d828-4386-a59a-2beb5cd7f71e", "isDeleted:":"true", "version":"1727275183502"}}
{"logTime": "1001/131004", "correlationVector":"4le4lAU25E6DnxhzJX0x20.88","action":"GetUpdates", "result":"DeleteReceived", "context":{"id":"2197f6d8-5df5-452f-8337-6900dc76a644", "isDeleted:":"true", "version":"1727275553661"}}
{"logTime": "1001/131004", "correlationVector":"4le4lAU25E6DnxhzJX0x20.89","action":"GetUpdates", "result":"DeleteReceived", "context":{"id":"364da9ce-4993-46c1-a4eb-8b862a07149e", "isDeleted:":"true", "version":"1727275553662"}}
{"logTime": "1001/131004", "correlationVector":"4le4lAU25E6DnxhzJX0x20.90","action":"GetUpdates", "result":"DeleteReceived", "context":{"id":"b94f3072-50b6-455f-bcbc-701db4b2b2c0", "isDeleted:":"true", "version":"1727275553663"}}
{"logTime": "1001/131004", "correlationVector":"4le4lAU25E6DnxhzJX0x20.91","action":"GetUpdates", "result":"DeleteReceived", "context":{"id":"39f6e816-f181-4f24-8ebb-a6108b0be863", "isDeleted:":"true", "version":"1727407908706"}}
{"logTime": "1001/131004", "correlationVector":"4le4lAU25E6DnxhzJX0x20.92","action":"GetUpdates", "result":"DeleteReceived", "context":{"id":"6a27cfda-d7ae-4a18-8a99-d1554f3d7d27", "isDeleted:":"true", "version":"1727407908711"}}
{"logTime": "1001/131004", "correlationVector":"4le4lAU25E6DnxhzJX0x20.93","action":"GetUpdates", "result":"DeleteReceived", "context":{"id":"f46c25c6-1612-4caf-a0f0-3aaa83420142", "isDeleted:":"true", "version":"1727407908712"}}
{"logTime": "1001/131004", "correlationVector":"4le4lAU25E6DnxhzJX0x20.94","action":"GetUpdates", "result":"DeleteReceived", "context":{"id":"7a26d848-cf63-4b74-ba17-0d4ae5b43ce3", "isDeleted:":"true", "version":"1727407908715"}}
{"logTime": "1001/131004", "correlationVector":"4le4lAU25E6DnxhzJX0x20.95","action":"GetUpdates", "result":"DeleteReceived", "context":{"id":"af048c16-3391-458f-b177-0f97c0551f9f", "isDeleted:":"true", "version":"1727449287323"}}
{"logTime": "1001/131004", "correlationVector":"4le4lAU25E6DnxhzJX0x20.96","action":"GetUpdates", "result":"DeleteReceived", "context":{"id":"7f472cfb-1490-44be-8e30-9dfb1ba82aa0", "isDeleted:":"true", "version":"1727605471931"}}
{"logTime": "1001/131004", "correlationVector":"4le4lAU25E6DnxhzJX0x20.97","action":"GetUpdates", "result":"DeleteReceived", "context":{"id":"d44bf67a-abd2-4da9-99dc-f57f9599d963", "isDeleted:":"true", "version":"1727605609853"}}
{"logTime": "1001/131004", "correlationVector":"4le4lAU25E6DnxhzJX0x20.98","action":"GetUpdates", "result":"DeleteReceived", "context":{"id":"a7036fbe-5612-4630-ad7a-72130140a22e", "isDeleted:":"true", "version":"1727703118587"}}
{"logTime": "1001/131004", "correlationVector":"4le4lAU25E6DnxhzJX0x20.99","action":"GetUpdates", "result":"DeleteReceived", "context":{"id":"de9f733e-8f80-47c5-90e0-83f1c33a3539", "isDeleted:":"true", "version":"1727713191538"}}
{"logTime": "1001/131004", "correlationVector":"4le4lAU25E6DnxhzJX0x20.100","action":"GetUpdates", "result":"DeleteReceived", "context":{"id":"6ee1fa1d-4692-4dac-83d9-53d31c754312", "isDeleted:":"true", "version":"1727713191539"}}
{"logTime": "1001/131004", "correlationVector":"4le4lAU25E6DnxhzJX0x20.101","action":"GetUpdates", "result":"DeleteReceived", "context":{"id":"b9e47341-1ead-4e74-a81a-022b60659a9d", "isDeleted:":"true", "version":"1727713191540"}}
{"logTime": "1001/131004", "correlationVector":"4le4lAU25E6DnxhzJX0x20.102","action":"GetUpdates", "result":"DeleteReceived", "context":{"id":"4f082cbf-21f3-4a8d-9e35-445c1ebec98d", "isDeleted:":"true", "version":"1727775979375"}}
{"logTime": "1001/131004", "correlationVector":"4le4lAU25E6DnxhzJX0x20.103","action":"GetUpdates", "result":"DeleteReceived", "context":{"id":"1f92a778-6e4c-4560-bcce-b92c045daaf6", "isDeleted:":"true", "version":"1727775979376"}}
{"logTime": "1001/131004", "correlationVector":"4le4lAU25E6DnxhzJX0x20.104","action":"GetUpdates", "result":"DeleteReceived", "context":{"id":"15a7b972-b455-4780-b0a4-4555c3f6564b", "isDeleted:":"true", "version":"1727775979377"}}
{"logTime": "1001/131004", "correlationVector":"4le4lAU25E6DnxhzJX0x20.105","action":"GetUpdates", "result":"DeleteReceived", "context":{"id":"af773aa8-b500-49aa-9b94-a6efc8cc2104", "isDeleted:":"true", "version":"1727775979379"}}
{"logTime": "1001/131004", "correlationVector":"4le4lAU25E6DnxhzJX0x20.106","action":"GetUpdates", "result":"DeleteReceived", "context":{"id":"bd746451-006e-480e-9922-46b007fe4f90", "isDeleted:":"true", "version":"1727777109492"}}
{"logTime": "1001/131004", "correlationVector":"4le4lAU25E6DnxhzJX0x20.107","action":"GetUpdates", "result":"DeleteReceived", "context":{"id":"67ae4079-ca6e-4a56-ab81-24d0d3fb722e", "isDeleted:":"true", "version":"1727779388189"}}
{"logTime": "1001/131004", "correlationVector":"4le4lAU25E6DnxhzJX0x20.108","action":"GetUpdates Response", "result":"Success", "context":Received 243 update(s). cV=4le4lAU25E6DnxhzJX0x20.0;server=GENERAL01000009;cloudType=Consumer;environment=Prod_NorthEurope_x00f;migrationStage=NotStarted}
{"logTime": "1001/131016", "correlationVector":"ey1Jx90abDRpU9RG0kxeEv","action":"Normal GetUpdate request", "result":"", "context":cV=ey1Jx90abDRpU9RG0kxeEv
Nudged types: Typed URLs, Sessions, Device Info, User Consents
Refresh requested types: Bookmarks, Preferences, Passwords, Autofill Profiles, Autofill, Typed URLs, Extensions, Sessions, Extension settings, History Delete Directives, Device Info, User Consents, Send Tab To Self, Web Apps, Collection, Edge E Drop, Edge Hub App Usage, Edge Tab Group, Edge Wallet, Encryption Keys}
{"logTime": "1001/131026", "correlationVector":"ey1Jx90abDRpU9RG0kxeEv.1","action":"SyncServerConnectionManagerRequest", "result":"SYNC_SERVER_OK", "context":{"environment":"Prod_WestEurope_x00e", "migrationStage":"NotStarted", "server":"GENERAL01000015"}}
{"logTime": "1001/131026", "correlationVector":"ey1Jx90abDRpU9RG0kxeEv.2","action":"GetUpdates Response", "result":"Success", "context":Received 1 update(s). cV=ey1Jx90abDRpU9RG0kxeEv.0;server=GENERAL01000015;cloudType=Consumer;environment=Prod_WestEurope_x00e;migrationStage=NotStarted}
{"logTime": "1001/131028", "correlationVector":"SeMYS6kVgJJZ89f9qKfQ+d","action":"Commit Request", "result":"", "context":Item count: 8
Contributing types: Typed URLs, Sessions, Device Info, User Consents}
{"logTime": "1001/131029", "correlationVector":"SeMYS6kVgJJZ89f9qKfQ+d.1","action":"SyncServerConnectionManagerRequest", "result":"SYNC_SERVER_OK", "context":{"environment":"Prod_WestEurope_x00e", "migrationStage":"NotStarted", "server":"GENERAL01000022"}}
{"logTime": "1001/131029", "correlationVector":"SeMYS6kVgJJZ89f9qKfQ+d.2","action":"Commit Response", "result":"Success", "context":Result: Success. cV=SeMYS6kVgJJZ89f9qKfQ+d.0;server=GENERAL01000022;cloudType=Consumer;environment=Prod_WestEurope_x00e;migrationStage=NotStarted}
{"logTime": "1001/131029", "correlationVector":"ITxcf3UEX+bJlX0xBXCPPG","action":"Normal GetUpdate request", "result":"", "context":cV=ITxcf3UEX+bJlX0xBXCPPG
Nudged types: Typed URLs, Sessions, Device Info}
{"logTime": "1001/131031", "correlationVector":"ITxcf3UEX+bJlX0xBXCPPG.1","action":"SyncServerConnectionManagerRequest", "result":"SYNC_SERVER_OK", "context":{"environment":"Prod_WestEurope_x00e", "migrationStage":"NotStarted", "server":"GENERAL01000027"}}
{"logTime": "1001/131031", "correlationVector":"ITxcf3UEX+bJlX0xBXCPPG.2","action":"GetUpdates Response", "result":"Success", "context":Received 6 update(s). cV=ITxcf3UEX+bJlX0xBXCPPG.0;server=GENERAL01000027;cloudType=Consumer;environment=Prod_WestEurope_x00e;migrationStage=NotStarted}
{"logTime": "1001/131032", "correlationVector":"d7+qnA//tPwovk/p4r9UoL","action":"DoCompareDataConsistency requsted types: ", "result":"Bookmarks, Preferences, Passwords, Typed URLs, Extensions, Extension settings, History Delete Directives, Send Tab To Self, Web Apps, Collection, Edge E Drop, Edge Tab Group, Edge Wallet, Encryption Keys"}
{"logTime": "1001/131032", "correlationVector":"d7+qnA//tPwovk/p4r9UoL.0","action":"CompareDataConsistency result: ", "result":"Compare result: Encryption Keys is consistent. local entities count is: 1 local entities hash is: VGa1KUFLz9FLXkIkwxJV1FBeQJs="}
{"logTime": "1001/131032", "correlationVector":"d7+qnA//tPwovk/p4r9UoL.1","action":"CompareDataConsistency result: ", "result":"Compare result: Bookmarks is consistent. local entities count is: 93 local entities hash is: Qhc0IyD734lWLaNBqgbGY3tBBSY="}
{"logTime": "1001/131032", "correlationVector":"d7+qnA//tPwovk/p4r9UoL.2","action":"CompareDataConsistency result: ", "result":"Compare result: Preferences is consistent. local entities count is: 90 local entities hash is: Fr/HAKxA72CPBtlqELli5h2UHTA="}
{"logTime": "1001/131032", "correlationVector":"d7+qnA//tPwovk/p4r9UoL.3","action":"CompareDataConsistency result: ", "result":"Server did not send this Typed URLs local entities count is: 24 local entities hash is: igMAIfBiHKGfqrHNdANAWYESXqI="}
{"logTime": "1001/131032", "correlationVector":"d7+qnA//tPwovk/p4r9UoL.4","action":"CompareDataConsistency result: ", "result":"Compare result: Extensions is consistent. local entities count is: 3 local entities hash is: CT4O+VFa7JDV3ka7psdAM9G0fm4="}
{"logTime": "1001/131032", "correlationVector":"d7+qnA//tPwovk/p4r9UoL.5","action":"CompareDataConsistency result: ", "result":"Compare result: Extension settings is consistent. local entities count is: 0 local entities hash is: "}
{"logTime": "1001/131032", "correlationVector":"d7+qnA//tPwovk/p4r9UoL.6","action":"CompareDataConsistency result: ", "result":"Compare result: History Delete Directives is consistent. local entities count is: 0 local entities hash is: "}
{"logTime": "1001/131032", "correlationVector":"d7+qnA//tPwovk/p4r9UoL.7","action":"CompareDataConsistency result: ", "result":"Server did not send this Send Tab To Self local entities count is: 0 local entities hash is: "}
{"logTime": "1001/131032", "correlationVector":"d7+qnA//tPwovk/p4r9UoL.8","action":"CompareDataConsistency result: ", "result":"Compare result: Web Apps is consistent. local entities count is: 0 local entities hash is: "}
{"logTime": "1001/131032", "correlationVector":"d7+qnA//tPwovk/p4r9UoL.9","action":"CompareDataConsistency result: ", "result":"Compare result: Collection is consistent. local entities count is: 0 local entities hash is: "}
{"logTime": "1001/131032", "correlationVector":"d7+qnA//tPwovk/p4r9UoL.10","action":"CompareDataConsistency result: ", "result":"Compare result: Edge E Drop is consistent. local entities count is: 0 local entities hash is: "}
{"logTime": "1001/131032", "correlationVector":"d7+qnA//tPwovk/p4r9UoL.11","action":"CompareDataConsistency result: ", "result":"Compare result: Edge Tab Group is consistent. local entities count is: 0 local entities hash is: "}
{"logTime": "1001/131032", "correlationVector":"d7+qnA//tPwovk/p4r9UoL.12","action":"CompareDataConsistency result: ", "result":"Compare result: Edge Wallet is consistent. local entities count is: 0 local entities hash is: "}
{"logTime": "1001/131032", "correlationVector":"d7+qnA//tPwovk/p4r9UoL.13","action":"CompareDataConsistency result: ", "result":"Compare result: Passwords is consistent. local entities count is: 209 local entities hash is: M7h7kEBPXAC70a/hLk5cCiJAdt4="}
{"logTime": "1001/131034", "correlationVector":"","action":"DIAGNOSTIC_REQUEST|v1/diagnosticData/Diagnostic.SendCheckResult()|SUCCESS", "result":""}
{"logTime": "1001/131125", "correlationVector":"s7jUVjtb9muKk1uef8b0TW","action":"Commit Request", "result":"", "context":Item count: 1
Contributing types: Sessions}
{"logTime": "1001/131126", "correlationVector":"s7jUVjtb9muKk1uef8b0TW.1","action":"SyncServerConnectionManagerRequest", "result":"SYNC_SERVER_OK", "context":{"environment":"Prod_WestEurope_x00e", "migrationStage":"NotStarted", "server":"GENERAL0200002X"}}
{"logTime": "1001/131126", "correlationVector":"s7jUVjtb9muKk1uef8b0TW.2","action":"Commit Response", "result":"Success", "context":Result: Success. cV=s7jUVjtb9muKk1uef8b0TW.0;server=GENERAL0200002X;cloudType=Consumer;environment=Prod_WestEurope_x00e;migrationStage=NotStarted}
{"logTime": "1001/131134", "correlationVector":"afCRTTVxAPDaOT7jlRE3TR","action":"Commit Request", "result":"", "context":Item count: 5
Contributing types: Edge Hub App Usage}
{"logTime": "1001/131135", "correlationVector":"afCRTTVxAPDaOT7jlRE3TR.1","action":"SyncServerConnectionManagerRequest", "result":"SYNC_SERVER_OK", "context":{"environment":"Prod_WestEurope_000l", "migrationStage":"NotStarted", "server":"GENERAL0100000U"}}
{"logTime": "1001/131135", "correlationVector":"afCRTTVxAPDaOT7jlRE3TR.2","action":"Commit Response", "result":"Success", "context":Result: Success. cV=afCRTTVxAPDaOT7jlRE3TR.0;server=GENERAL0100000U;cloudType=Consumer;environment=Prod_WestEurope_000l;migrationStage=NotStarted}
{"logTime": "1001/131137", "correlationVector":"epHVdksErzyzrAk23ife2u","action":"Commit Request", "result":"", "context":Item count: 2
Contributing types: Edge Hub App Usage}
{"logTime": "1001/131137", "correlationVector":"epHVdksErzyzrAk23ife2u.1","action":"SyncServerConnectionManagerRequest", "result":"SYNC_SERVER_OK", "context":{"environment":"Prod_WestEurope_000l", "migrationStage":"NotStarted", "server":"GENERAL01000001"}}
{"logTime": "1001/131137", "correlationVector":"epHVdksErzyzrAk23ife2u.2","action":"Commit Response", "result":"Success", "context":Result: Success. cV=epHVdksErzyzrAk23ife2u.0;server=GENERAL01000001;cloudType=Consumer;environment=Prod_WestEurope_000l;migrationStage=NotStarted}
{"logTime": "1001/131143", "correlationVector":"SdrizwQSU7W6QS/Va/m5x6","action":"Commit Request", "result":"", "context":Item count: 1
Contributing types: Edge Hub App Usage}
{"logTime": "1001/131144", "correlationVector":"SdrizwQSU7W6QS/Va/m5x6.1","action":"SyncServerConnectionManagerRequest", "result":"SYNC_SERVER_OK", "context":{"environment":"Prod_WestEurope_x00e", "migrationStage":"NotStarted", "server":"GENERAL01000012"}}
{"logTime": "1001/131144", "correlationVector":"SdrizwQSU7W6QS/Va/m5x6.2","action":"Commit Response", "result":"Success", "context":Result: Success. cV=SdrizwQSU7W6QS/Va/m5x6.0;server=GENERAL01000012;cloudType=Consumer;environment=Prod_WestEurope_x00e;migrationStage=NotStarted}
{"logTime": "1001/131213", "correlationVector":"B0bJ5GOcEerV6K7cdWkIw/","action":"Commit Request", "result":"", "context":Item count: 40
Contributing types: Passwords}
{"logTime": "1001/131216", "correlationVector":"B0bJ5GOcEerV6K7cdWkIw/.1","action":"SyncServerConnectionManagerRequest", "result":"SYNC_SERVER_OK", "context":{"environment":"Prod_NorthEurope_000h", "migrationStage":"NotStarted", "server":"GENERAL0100000I"}}
{"logTime": "1001/131216", "correlationVector":"B0bJ5GOcEerV6K7cdWkIw/.2","action":"Commit Response", "result":"Success", "context":Result: Success. cV=B0bJ5GOcEerV6K7cdWkIw/.0;server=GENERAL0100000I;cloudType=Consumer;environment=Prod_NorthEurope_000h;migrationStage=NotStarted}
{"logTime": "1001/131216", "correlationVector":"HZh9sdi1hgr8E3dVazr2AQ","action":"Commit Request", "result":"", "context":Item count: 29
Contributing types: Preferences, Passwords}
{"logTime": "1001/131218", "correlationVector":"HZh9sdi1hgr8E3dVazr2AQ.1","action":"SyncServerConnectionManagerRequest", "result":"SYNC_SERVER_OK", "context":{"environment":"Prod_WestEurope_000l", "migrationStage":"NotStarted", "server":"GENERAL01000006"}}
{"logTime": "1001/131218", "correlationVector":"HZh9sdi1hgr8E3dVazr2AQ.2","action":"Commit Response", "result":"Success", "context":Result: Success. cV=HZh9sdi1hgr8E3dVazr2AQ.0;server=GENERAL01000006;cloudType=Consumer;environment=Prod_WestEurope_000l;migrationStage=NotStarted}
{"logTime": "1001/131440", "correlationVector":"i41Y0Uq0/OA1zqnkxGj6Hy","action":"Normal GetUpdate request", "result":"", "context":cV=i41Y0Uq0/OA1zqnkxGj6Hy
Refresh requested types: Bookmarks, Preferences, Passwords, Autofill Profiles, Autofill, Typed URLs, Extensions, Sessions, Extension settings, History Delete Directives, Device Info, User Consents, Send Tab To Self, Web Apps, Collection, Edge E Drop, Edge Hub App Usage, Edge Tab Group, Edge Wallet, Encryption Keys}
{"logTime": "1001/131506", "correlationVector":"i41Y0Uq0/OA1zqnkxGj6Hy.1","action":"SyncServerConnectionManagerRequest", "result":"SYNC_SERVER_OK", "context":{"environment":"Prod_WestEurope_000l", "migrationStage":"NotStarted", "server":"GENERAL0100000W"}}
{"logTime": "1001/131506", "correlationVector":"i41Y0Uq0/OA1zqnkxGj6Hy.2","action":"GetUpdates Response", "result":"Success", "context":Received 78 update(s). cV=i41Y0Uq0/OA1zqnkxGj6Hy.0;server=GENERAL0100000W;cloudType=Consumer;environment=Prod_WestEurope_000l;migrationStage=NotStarted}
{"logTime": "1001/131820", "correlationVector":"OeZ9RccT6CzegQEmW6GSw/","action":"Normal GetUpdate request", "result":"", "context":cV=OeZ9RccT6CzegQEmW6GSw/
Nudged types: Sessions}
{"logTime": "1001/131831", "correlationVector":"OeZ9RccT6CzegQEmW6GSw/.1","action":"SyncServerConnectionManagerRequest", "result":"SYNC_SERVER_OK", "context":{"environment":"Prod_WestEurope_x00e", "migrationStage":"NotStarted", "server":"GENERAL0100000J"}}
{"logTime": "1001/131831", "correlationVector":"OeZ9RccT6CzegQEmW6GSw/.2","action":"GetUpdates Response", "result":"Success", "context":Received 0 update(s). cV=OeZ9RccT6CzegQEmW6GSw/.0;server=GENERAL0100000J;cloudType=Consumer;environment=Prod_WestEurope_x00e;migrationStage=NotStarted}
{"logTime": "1001/131832", "correlationVector":"dcQO3XfydB5rC3K/BckzjJ","action":"Commit Request", "result":"", "context":Item count: 1
Contributing types: Sessions}
{"logTime": "1001/131832", "correlationVector":"dcQO3XfydB5rC3K/BckzjJ.1","action":"SyncServerConnectionManagerRequest", "result":"SYNC_SERVER_OK", "context":{"environment":"Prod_NorthEurope_000h", "migrationStage":"NotStarted", "server":"GENERAL01000025"}}
{"logTime": "1001/131832", "correlationVector":"dcQO3XfydB5rC3K/BckzjJ.2","action":"Commit Response", "result":"Success", "context":Result: Success. cV=dcQO3XfydB5rC3K/BckzjJ.0;server=GENERAL01000025;cloudType=Consumer;environment=Prod_NorthEurope_000h;migrationStage=NotStarted}
{"logTime": "1001/131902", "correlationVector":"G9qRmoIbNEnFS29BHDIaWw","action":"Commit Request", "result":"", "context":Item count: 1
Contributing types: Sessions}
{"logTime": "1001/131920", "correlationVector":"G9qRmoIbNEnFS29BHDIaWw.1","action":"SyncServerConnectionManagerRequest", "result":"SYNC_SERVER_OK", "context":{"environment":"Prod_NorthEurope_x00f", "migrationStage":"NotStarted", "server":"GENERAL0100000V"}}
{"logTime": "1001/131920", "correlationVector":"G9qRmoIbNEnFS29BHDIaWw.2","action":"Commit Response", "result":"Success", "context":Result: Success. cV=G9qRmoIbNEnFS29BHDIaWw.0;server=GENERAL0100000V;cloudType=Consumer;environment=Prod_NorthEurope_x00f;migrationStage=NotStarted}
{"logTime": "1001/131940", "correlationVector":"8nApTBkm0Mx16nyZyp4mMd","action":"Normal GetUpdate request", "result":"", "context":cV=8nApTBkm0Mx16nyZyp4mMd
Refresh requested types: Bookmarks, Preferences, Passwords, Autofill Profiles, Autofill, Typed URLs, Extensions, Sessions, Extension settings, History Delete Directives, Device Info, User Consents, Send Tab To Self, Web Apps, Collection, Edge E Drop, Edge Hub App Usage, Edge Tab Group, Edge Wallet, Encryption Keys}
{"logTime": "1001/131941", "correlationVector":"8nApTBkm0Mx16nyZyp4mMd.1","action":"SyncServerConnectionManagerRequest", "result":"SYNC_SERVER_OK", "context":{"environment":"Prod_WestEurope_x00e", "migrationStage":"NotStarted", "server":"GENERAL01000027"}}
{"logTime": "1001/131941", "correlationVector":"8nApTBkm0Mx16nyZyp4mMd.2","action":"GetUpdates Response", "result":"Success", "context":Received 1 update(s). cV=8nApTBkm0Mx16nyZyp4mMd.0;server=GENERAL01000027;cloudType=Consumer;environment=Prod_WestEurope_x00e;migrationStage=NotStarted}
{"logTime": "1001/225449", "correlationVector":"Jyq4xdNfy7iukVPMMehwgJ.1","action":"SyncServerConnectionManagerRequest", "result":"SYNC_SERVER_OK", "context":{"environment":"Prod_WestEurope_000l", "migrationStage":"NotStarted", "server":"GENERAL0100000H"}}
{"logTime": "1001/225451", "correlationVector":"TPCaB9C8UU9rw5uux7OEGo","action":"SyncServerConnectionManagerRequest", "result":"SYNC_SERVER_OK", "context":{"environment":"", "migrationStage":"", "server":""}}
{"logTime": "1001/225451", "correlationVector":"Jyq4xdNfy7iukVPMMehwgJ","action":"Initial GetUpdates", "result":"", "context":Reason: NEW_CLIENT. cV=Jyq4xdNfy7iukVPMMehwgJ}
{"logTime": "1001/225451", "correlationVector":"Jyq4xdNfy7iukVPMMehwgJ.2","action":"GetUpdates Response", "result":"Success", "context":Received 1 update(s). cV=Jyq4xdNfy7iukVPMMehwgJ.0;server=GENERAL0100000H;cloudType=Consumer;environment=Prod_WestEurope_000l;migrationStage=NotStarted}
{"logTime": "1001/225451", "correlationVector":"WgFnW4Q11OBnsmZ/bkebu6","action":"Initial GetUpdates", "result":"", "context":Reason: NEWLY_SUPPORTED_DATATYPE. cV=WgFnW4Q11OBnsmZ/bkebu6}
{"logTime": "1001/225455", "correlationVector":"WgFnW4Q11OBnsmZ/bkebu6.1","action":"SyncServerConnectionManagerRequest", "result":"SYNC_SERVER_OK", "context":{"environment":"Prod_WestEurope_000l", "migrationStage":"NotStarted", "server":"GENERAL01000012"}}
{"logTime": "1001/225455", "correlationVector":"WgFnW4Q11OBnsmZ/bkebu6.2","action":"GetUpdates", "result":"DeleteReceived", "context":{"id":"9e3bb329-3e39-4844-b875-797916c28bd6", "isDeleted:":"true", "version":"1705409907127"}}
{"logTime": "1001/225455", "correlationVector":"WgFnW4Q11OBnsmZ/bkebu6.3","action":"GetUpdates", "result":"DeleteReceived", "context":{"id":"a144e2d3-a562-46c7-839d-fd513e9c9b20", "isDeleted:":"true", "version":"1705409908363"}}
{"logTime": "1001/225455", "correlationVector":"WgFnW4Q11OBnsmZ/bkebu6.4","action":"GetUpdates", "result":"DeleteReceived", "context":{"id":"470f9f55-8cd0-4413-a87b-9210ea6ccaea", "isDeleted:":"true", "version":"1705409908365"}}
{"logTime": "1001/225455", "correlationVector":"WgFnW4Q11OBnsmZ/bkebu6.5","action":"GetUpdates", "result":"DeleteReceived", "context":{"id":"72963823-5ccd-4bc3-8208-6c38fb4aa286", "isDeleted:":"true", "version":"1705933531379"}}
{"logTime": "1001/225455", "correlationVector":"WgFnW4Q11OBnsmZ/bkebu6.6","action":"GetUpdates", "result":"DeleteReceived", "context":{"id":"95cfcd6d-55ee-4f1e-9cbf-12dfc16c0e2e", "isDeleted:":"true", "version":"1705933531380"}}
{"logTime": "1001/225455", "correlationVector":"WgFnW4Q11OBnsmZ/bkebu6.7","action":"GetUpdates", "result":"DeleteReceived", "context":{"id":"94b4b04f-83fb-4f85-9635-ad0b0a8938e5", "isDeleted:":"true", "version":"1707042542075"}}
{"logTime": "1001/225455", "correlationVector":"WgFnW4Q11OBnsmZ/bkebu6.8","action":"GetUpdates", "result":"DeleteReceived", "context":{"id":"61102067-6233-41c9-9c9d-5bdc3f7c4b16", "isDeleted:":"true", "version":"1709132869360"}}
{"logTime": "1001/225455", "correlationVector":"WgFnW4Q11OBnsmZ/bkebu6.9","action":"GetUpdates", "result":"DeleteReceived", "context":{"id":"6cf5cba7-1d61-46dd-a578-91c61e2c6ecb", "isDeleted:":"true", "version":"1710251850526"}}
{"logTime": "1001/225455", "correlationVector":"WgFnW4Q11OBnsmZ/bkebu6.10","action":"GetUpdates", "result":"DeleteReceived", "context":{"id":"4a1476bd-0c3d-450d-b9d1-a484610b6281", "isDeleted:":"true", "version":"1710258843662"}}
{"logTime": "1001/225455", "correlationVector":"WgFnW4Q11OBnsmZ/bkebu6.11","action":"GetUpdates", "result":"DeleteReceived", "context":{"id":"4d3ea68f-e9e7-481e-a6d1-3b554673c91a", "isDeleted:":"true", "version":"1710261981307"}}
{"logTime": "1001/225455", "correlationVector":"WgFnW4Q11OBnsmZ/bkebu6.12","action":"GetUpdates", "result":"DeleteReceived", "context":{"id":"bdd3fab2-03e3-4ec5-9b96-e45553073c54", "isDeleted:":"true", "version":"1721727512434"}}
{"logTime": "1001/225455", "correlationVector":"WgFnW4Q11OBnsmZ/bkebu6.13","action":"GetUpdates", "result":"DeleteReceived", "context":{"id":"62156858-4a85-42f1-b8d6-0c6553c1b4cd", "isDeleted:":"true", "version":"1727778877808"}}
{"logTime": "1001/225455", "correlationVector":"WgFnW4Q11OBnsmZ/bkebu6.14","action":"GetUpdates Response", "result":"Success", "context":Received 221 update(s). cV=WgFnW4Q11OBnsmZ/bkebu6.0;server=GENERAL01000012;cloudType=Consumer;environment=Prod_WestEurope_000l;migrationStage=NotStarted}
{"logTime": "1001/225605", "correlationVector":"A9hopZagtUpbc136PT68ob","action":"Normal GetUpdate request", "result":"", "context":cV=A9hopZagtUpbc136PT68ob
Nudged types: Sessions
Refresh requested types: Bookmarks, Preferences, Passwords, Autofill Profiles, Autofill, Typed URLs, Extensions, Sessions, Extension settings, History Delete Directives, Device Info, User Consents, Send Tab To Self, Web Apps, Collection, Edge E Drop, Edge Hub App Usage, Edge Tab Group, Edge Wallet, Encryption Keys}
{"logTime": "1001/225612", "correlationVector":"A9hopZagtUpbc136PT68ob.1","action":"SyncServerConnectionManagerRequest", "result":"SYNC_SERVER_OK", "context":{"environment":"Prod_WestEurope_000l", "migrationStage":"NotStarted", "server":"GENERAL0100001B"}}
{"logTime": "1001/225612", "correlationVector":"A9hopZagtUpbc136PT68ob.2","action":"GetUpdates", "result":"DeleteReceived", "context":{"id":"91f3d95c-5ecf-4850-a75a-fd091ad77963", "isDeleted:":"true", "version":"1727789696764"}}
{"logTime": "1001/225612", "correlationVector":"A9hopZagtUpbc136PT68ob.3","action":"GetUpdates", "result":"DeleteReceived", "context":{"id":"7cf61143-a9a6-41c4-b407-751aabaff966", "isDeleted:":"true", "version":"1727789865015"}}
{"logTime": "1001/225612", "correlationVector":"A9hopZagtUpbc136PT68ob.4","action":"GetUpdates", "result":"DeleteReceived", "context":{"id":"9b88e354-058d-4b9a-8140-def67029edf7", "isDeleted:":"true", "version":"1727820584929"}}
{"logTime": "1001/225612", "correlationVector":"A9hopZagtUpbc136PT68ob.5","action":"GetUpdates", "result":"DeleteReceived", "context":{"id":"e8d579e8-e541-4158-b6a3-d2f5fc550db0", "isDeleted:":"true", "version":"1727822044645"}}
{"logTime": "1001/225612", "correlationVector":"A9hopZagtUpbc136PT68ob.6","action":"GetUpdates", "result":"DeleteReceived", "context":{"id":"993806e9-c16f-4a39-b2cf-877f9ad14c6d", "isDeleted:":"true", "version":"1727822044646"}}
{"logTime": "1001/225612", "correlationVector":"A9hopZagtUpbc136PT68ob.7","action":"GetUpdates Response", "result":"Success", "context":Received 14 update(s). cV=A9hopZagtUpbc136PT68ob.0;server=GENERAL0100001B;cloudType=Consumer;environment=Prod_WestEurope_000l;migrationStage=NotStarted}
{"logTime": "1001/225614", "correlationVector":"noUSRdQlamGFDrkiRi1E9e","action":"DoCompareDataConsistency requsted types: ", "result":"Bookmarks, Preferences, Passwords, Typed URLs, Extensions, Extension settings, History Delete Directives, Send Tab To Self, Web Apps, Collection, Edge E Drop, Edge Tab Group, Edge Wallet, Encryption Keys"}
{"logTime": "1001/225614", "correlationVector":"noUSRdQlamGFDrkiRi1E9e.0","action":"CompareDataConsistency result: ", "result":"Compare result: Encryption Keys is consistent. local entities count is: 1 local entities hash is: VGa1KUFLz9FLXkIkwxJV1FBeQJs="}
{"logTime": "1001/225614", "correlationVector":"noUSRdQlamGFDrkiRi1E9e.1","action":"CompareDataConsistency result: ", "result":"Compare result: Bookmarks is consistent. local entities count is: 93 local entities hash is: Qhc0IyD734lWLaNBqgbGY3tBBSY="}
{"logTime": "1001/225614", "correlationVector":"noUSRdQlamGFDrkiRi1E9e.2","action":"CompareDataConsistency result: ", "result":"Compare result: Preferences is consistent. local entities count is: 90 local entities hash is: IkfNjwVlvHi/fRNaTjOQ3nXIqwo="}
{"logTime": "1001/225614", "correlationVector":"noUSRdQlamGFDrkiRi1E9e.3","action":"CompareDataConsistency result: ", "result":"Server did not send this Typed URLs local entities count is: 27 local entities hash is: qkuC1pTj+efn294zP5hhGXXUUIw="}
{"logTime": "1001/225614", "correlationVector":"noUSRdQlamGFDrkiRi1E9e.4","action":"CompareDataConsistency result: ", "result":"Compare result: Extensions is consistent. local entities count is: 3 local entities hash is: CT4O+VFa7JDV3ka7psdAM9G0fm4="}
{"logTime": "1001/225614", "correlationVector":"noUSRdQlamGFDrkiRi1E9e.5","action":"CompareDataConsistency result: ", "result":"Compare result: Extension settings is consistent. local entities count is: 0 local entities hash is: "}
{"logTime": "1001/225614", "correlationVector":"noUSRdQlamGFDrkiRi1E9e.6","action":"CompareDataConsistency result: ", "result":"Compare result: History Delete Directives is consistent. local entities count is: 0 local entities hash is: "}
{"logTime": "1001/225614", "correlationVector":"noUSRdQlamGFDrkiRi1E9e.7","action":"CompareDataConsistency result: ", "result":"Server did not send this Send Tab To Self local entities count is: 0 local entities hash is: "}
{"logTime": "1001/225614", "correlationVector":"noUSRdQlamGFDrkiRi1E9e.8","action":"CompareDataConsistency result: ", "result":"Compare result: Web Apps is consistent. local entities count is: 0 local entities hash is: "}
{"logTime": "1001/225614", "correlationVector":"noUSRdQlamGFDrkiRi1E9e.9","action":"CompareDataConsistency result: ", "result":"Compare result: Collection is consistent. local entities count is: 0 local entities hash is: "}
{"logTime": "1001/225614", "correlationVector":"noUSRdQlamGFDrkiRi1E9e.10","action":"CompareDataConsistency result: ", "result":"Compare result: Edge E Drop is consistent. local entities count is: 0 local entities hash is: "}
{"logTime": "1001/225614", "correlationVector":"noUSRdQlamGFDrkiRi1E9e.11","action":"CompareDataConsistency result: ", "result":"Compare result: Edge Tab Group is consistent. local entities count is: 0 local entities hash is: "}
{"logTime": "1001/225614", "correlationVector":"noUSRdQlamGFDrkiRi1E9e.12","action":"CompareDataConsistency result: ", "result":"Compare result: Edge Wallet is consistent. local entities count is: 0 local entities hash is: "}
{"logTime": "1001/225614", "correlationVector":"noUSRdQlamGFDrkiRi1E9e.13","action":"CompareDataConsistency result: ", "result":"Compare result: Passwords is consistent. local entities count is: 209 local entities hash is: GYy4Snul7BtZ/tNN8E+3lPuGUX4="}
{"logTime": "1001/225614", "correlationVector":"wfecOAJygq90L3Mu40kXbN","action":"Commit Request", "result":"", "context":Item count: 3
Contributing types: Sessions}
{"logTime": "1001/225614", "correlationVector":"wfecOAJygq90L3Mu40kXbN.1","action":"SyncServerConnectionManagerRequest", "result":"SYNC_SERVER_OK", "context":{"environment":"Prod_WestEurope_000l", "migrationStage":"NotStarted", "server":"GENERAL0100000H"}}
{"logTime": "1001/225614", "correlationVector":"wfecOAJygq90L3Mu40kXbN.2","action":"Commit Response", "result":"Success", "context":Result: Success. cV=wfecOAJygq90L3Mu40kXbN.0;server=GENERAL0100000H;cloudType=Consumer;environment=Prod_WestEurope_000l;migrationStage=NotStarted}
{"logTime": "1001/225614", "correlationVector":"wfecOAJygq90L3Mu40kXbN.3","action":"Commit.Sessions", "result":"Success", "context":{"id":"5337b8d1-8f74-4dc7-beb0-d3943ef4ecc9", "isDeleted":"true", "size":"0", "version":"1727788764915"}}
{"logTime": "1001/225614", "correlationVector":"","action":"DIAGNOSTIC_REQUEST|v1/diagnosticData/Diagnostic.SendCheckResult()|SUCCESS", "result":""}
{"logTime": "1001/225614", "correlationVector":"gE2aBRY732jv5NaxLHEvq0","action":"Normal GetUpdate request", "result":"", "context":cV=gE2aBRY732jv5NaxLHEvq0
Nudged types: Sessions}
{"logTime": "1001/225615", "correlationVector":"gE2aBRY732jv5NaxLHEvq0.1","action":"SyncServerConnectionManagerRequest", "result":"SYNC_SERVER_OK", "context":{"environment":"Prod_WestEurope_000l", "migrationStage":"NotStarted", "server":"GENERAL0100000N"}}
{"logTime": "1001/225615", "correlationVector":"gE2aBRY732jv5NaxLHEvq0.2","action":"GetUpdates", "result":"DeleteReceived", "context":{"id":"5337b8d1-8f74-4dc7-beb0-d3943ef4ecc9", "isDeleted:":"true", "version":"1727823379757"}}
{"logTime": "1001/225615", "correlationVector":"gE2aBRY732jv5NaxLHEvq0.3","action":"GetUpdates Response", "result":"Success", "context":Received 3 update(s). cV=gE2aBRY732jv5NaxLHEvq0.0;server=GENERAL0100000N;cloudType=Consumer;environment=Prod_WestEurope_000l;migrationStage=NotStarted}
{"logTime": "1001/225616", "correlationVector":"l5tVE2/ZUn9RGQJg2JUYjx","action":"Poll GetUpdate request", "result":"", "context":cV=l5tVE2/ZUn9RGQJg2JUYjx}
{"logTime": "1001/225616", "correlationVector":"l5tVE2/ZUn9RGQJg2JUYjx.1","action":"SyncServerConnectionManagerRequest", "result":"SYNC_SERVER_OK", "context":{"environment":"Prod_WestEurope_000l", "migrationStage":"NotStarted", "server":"GENERAL0100001B"}}
{"logTime": "1001/225616", "correlationVector":"l5tVE2/ZUn9RGQJg2JUYjx.2","action":"GetUpdates Response", "result":"Success", "context":Received 0 update(s). cV=l5tVE2/ZUn9RGQJg2JUYjx.0;server=GENERAL0100001B;cloudType=Consumer;environment=Prod_WestEurope_000l;migrationStage=NotStarted}
{"logTime": "1001/225626", "correlationVector":"vFsVT1silmdJ5cvSxFSZgK","action":"Normal GetUpdate request", "result":"", "context":cV=vFsVT1silmdJ5cvSxFSZgK
Notified types: Preferences}
{"logTime": "1001/225626", "correlationVector":"vFsVT1silmdJ5cvSxFSZgK.1","action":"SyncServerConnectionManagerRequest", "result":"SYNC_SERVER_OK", "context":{"environment":"Prod_WestEurope_000l", "migrationStage":"NotStarted", "server":"GENERAL0100000T"}}
{"logTime": "1001/225626", "correlationVector":"vFsVT1silmdJ5cvSxFSZgK.2","action":"GetUpdates Response", "result":"Success", "context":Received 2 update(s). cV=vFsVT1silmdJ5cvSxFSZgK.0;server=GENERAL0100000T;cloudType=Consumer;environment=Prod_WestEurope_000l;migrationStage=NotStarted}
{"logTime": "1001/225746", "correlationVector":"ni93Yz0CiLwoRy4l5QSI7d","action":"Commit Request", "result":"", "context":Item count: 40
Contributing types: Passwords}
{"logTime": "1001/225748", "correlationVector":"ni93Yz0CiLwoRy4l5QSI7d.1","action":"SyncServerConnectionManagerRequest", "result":"SYNC_SERVER_OK", "context":{"environment":"Prod_WestEurope_000l", "migrationStage":"NotStarted", "server":"GENERAL0100000L"}}
{"logTime": "1001/225748", "correlationVector":"ni93Yz0CiLwoRy4l5QSI7d.2","action":"Commit Response", "result":"Success", "context":Result: Success. cV=ni93Yz0CiLwoRy4l5QSI7d.0;server=GENERAL0100000L;cloudType=Consumer;environment=Prod_WestEurope_000l;migrationStage=NotStarted}
{"logTime": "1001/225748", "correlationVector":"K2Fp5vtL6VAlp//fCfGq2R","action":"Commit Request", "result":"", "context":Item count: 10
Contributing types: Preferences, Passwords}
{"logTime": "1001/225749", "correlationVector":"K2Fp5vtL6VAlp//fCfGq2R.1","action":"SyncServerConnectionManagerRequest", "result":"SYNC_SERVER_OK", "context":{"environment":"Prod_WestEurope_000l", "migrationStage":"NotStarted", "server":"GENERAL0100001E"}}
{"logTime": "1001/225749", "correlationVector":"K2Fp5vtL6VAlp//fCfGq2R.2","action":"Commit Response", "result":"Success", "context":Result: Success. cV=K2Fp5vtL6VAlp//fCfGq2R.0;server=GENERAL0100001E;cloudType=Consumer;environment=Prod_WestEurope_000l;migrationStage=NotStarted}
{"logTime": "1001/225944", "correlationVector":"6RA83RHuU1PXUc/yF3JLum","action":"Normal GetUpdate request", "result":"", "context":cV=6RA83RHuU1PXUc/yF3JLum
Refresh requested types: Bookmarks, Preferences, Passwords, Autofill Profiles, Autofill, Typed URLs, Extensions, Sessions, Extension settings, History Delete Directives, Device Info, User Consents, Send Tab To Self, Web Apps, Collection, Edge E Drop, Edge Hub App Usage, Edge Tab Group, Edge Wallet, Encryption Keys}
{"logTime": "1001/225945", "correlationVector":"6RA83RHuU1PXUc/yF3JLum.1","action":"SyncServerConnectionManagerRequest", "result":"SYNC_SERVER_OK", "context":{"environment":"Prod_WestEurope_000l", "migrationStage":"NotStarted", "server":"GENERAL0100000C"}}
{"logTime": "1001/225945", "correlationVector":"6RA83RHuU1PXUc/yF3JLum.2","action":"GetUpdates Response", "result":"Success", "context":Received 53 update(s). cV=6RA83RHuU1PXUc/yF3JLum.0;server=GENERAL0100000C;cloudType=Consumer;environment=Prod_WestEurope_000l;migrationStage=NotStarted}
{"logTime": "1001/231059", "correlationVector":"b8tSpwUsC5YRCQn2Etg9Az","action":"Commit Request", "result":"", "context":Item count: 1
Contributing types: Sessions}
{"logTime": "1001/231100", "correlationVector":"b8tSpwUsC5YRCQn2Etg9Az.1","action":"SyncServerConnectionManagerRequest", "result":"SYNC_SERVER_OK", "context":{"environment":"Prod_WestEurope_000l", "migrationStage":"NotStarted", "server":"GENERAL0100000W"}}
{"logTime": "1001/231100", "correlationVector":"b8tSpwUsC5YRCQn2Etg9Az.2","action":"Commit Response", "result":"Success", "context":Result: Success. cV=b8tSpwUsC5YRCQn2Etg9Az.0;server=GENERAL0100000W;cloudType=Consumer;environment=Prod_WestEurope_000l;migrationStage=NotStarted}
{"logTime": "1001/231134", "correlationVector":"koTJi+SlirzwyuVlLU0ARe","action":"Commit Request", "result":"", "context":Item count: 1
Contributing types: Sessions}
{"logTime": "1001/231134", "correlationVector":"koTJi+SlirzwyuVlLU0ARe.1","action":"SyncServerConnectionManagerRequest", "result":"SYNC_SERVER_OK", "context":{"environment":"Prod_WestEurope_000l", "migrationStage":"NotStarted", "server":"GENERAL01000002"}}
{"logTime": "1001/231134", "correlationVector":"koTJi+SlirzwyuVlLU0ARe.2","action":"Commit Response", "result":"Success", "context":Result: Success. cV=koTJi+SlirzwyuVlLU0ARe.0;server=GENERAL01000002;cloudType=Consumer;environment=Prod_WestEurope_000l;migrationStage=NotStarted}
{"logTime": "1001/231323", "correlationVector":"G3yxqo4g5t91mPv1HhZ0L0","action":"Commit Request", "result":"", "context":Item count: 1
Contributing types: Sessions}
{"logTime": "1001/231324", "correlationVector":"G3yxqo4g5t91mPv1HhZ0L0.1","action":"SyncServerConnectionManagerRequest", "result":"SYNC_SERVER_OK", "context":{"environment":"Prod_WestEurope_000l", "migrationStage":"NotStarted", "server":"GENERAL0100000J"}}
{"logTime": "1001/231324", "correlationVector":"G3yxqo4g5t91mPv1HhZ0L0.2","action":"Commit Response", "result":"Success", "context":Result: Success. cV=G3yxqo4g5t91mPv1HhZ0L0.0;server=GENERAL0100000J;cloudType=Consumer;environment=Prod_WestEurope_000l;migrationStage=NotStarted}
{"logTime": "1001/231425", "correlationVector":"V9lBWXslw/MtE/PcNcsWJ+","action":"Commit Request", "result":"", "context":Item count: 1
Contributing types: Sessions}
{"logTime": "1001/231426", "correlationVector":"V9lBWXslw/MtE/PcNcsWJ+.1","action":"SyncServerConnectionManagerRequest", "result":"SYNC_SERVER_OK", "context":{"environment":"Prod_WestEurope_000l", "migrationStage":"NotStarted", "server":"GENERAL01000007"}}
{"logTime": "1001/231426", "correlationVector":"V9lBWXslw/MtE/PcNcsWJ+.2","action":"Commit Response", "result":"Success", "context":Result: Success. cV=V9lBWXslw/MtE/PcNcsWJ+.0;server=GENERAL01000007;cloudType=Consumer;environment=Prod_WestEurope_000l;migrationStage=NotStarted}
{"logTime": "1001/231609", "correlationVector":"0aIKQJC8KQbKGYP5aOIpjO","action":"Commit Request", "result":"", "context":Item count: 1
Contributing types: Sessions}
{"logTime": "1001/231609", "correlationVector":"0aIKQJC8KQbKGYP5aOIpjO.1","action":"SyncServerConnectionManagerRequest", "result":"SYNC_SERVER_OK", "context":{"environment":"Prod_WestEurope_000l", "migrationStage":"NotStarted", "server":"GENERAL0100001I"}}
{"logTime": "1001/231609", "correlationVector":"0aIKQJC8KQbKGYP5aOIpjO.2","action":"Commit Response", "result":"Success", "context":Result: Success. cV=0aIKQJC8KQbKGYP5aOIpjO.0;server=GENERAL0100001I;cloudType=Consumer;environment=Prod_WestEurope_000l;migrationStage=NotStarted}
{"logTime": "1001/231757", "correlationVector":"lzsMEt9GhHmJeXVbCjvpqs","action":"Commit Request", "result":"", "context":Item count: 1
Contributing types: Sessions}
{"logTime": "1001/231758", "correlationVector":"lzsMEt9GhHmJeXVbCjvpqs.1","action":"SyncServerConnectionManagerRequest", "result":"SYNC_SERVER_OK", "context":{"environment":"Prod_WestEurope_000l", "migrationStage":"NotStarted", "server":"GENERAL0100001J"}}
{"logTime": "1001/231758", "correlationVector":"lzsMEt9GhHmJeXVbCjvpqs.2","action":"Commit Response", "result":"Success", "context":Result: Success. cV=lzsMEt9GhHmJeXVbCjvpqs.0;server=GENERAL0100001J;cloudType=Consumer;environment=Prod_WestEurope_000l;migrationStage=NotStarted}
{"logTime": "1001/234240", "correlationVector":"Xo/BajnmAv+AxdXwiFNcgq","action":"Normal GetUpdate request", "result":"", "context":cV=Xo/BajnmAv+AxdXwiFNcgq
Notified types: Preferences}
{"logTime": "1001/234240", "correlationVector":"Xo/BajnmAv+AxdXwiFNcgq.1","action":"SyncServerConnectionManagerRequest", "result":"SYNC_SERVER_OK", "context":{"environment":"Prod_WestEurope_000l", "migrationStage":"NotStarted", "server":"GENERAL0100000R"}}
{"logTime": "1001/234240", "correlationVector":"Xo/BajnmAv+AxdXwiFNcgq.2","action":"GetUpdates Response", "result":"Success", "context":Received 6 update(s). cV=Xo/BajnmAv+AxdXwiFNcgq.0;server=GENERAL0100000R;cloudType=Consumer;environment=Prod_WestEurope_000l;migrationStage=NotStarted}
{"logTime": "1001/235759", "correlationVector":"Vz+paxpH6xCfdeFFZjh0ko","action":"Normal GetUpdate request", "result":"", "context":cV=Vz+paxpH6xCfdeFFZjh0ko
Refresh requested types: Bookmarks, Preferences, Passwords, Autofill Profiles, Autofill, Typed URLs, Extensions, Sessions, Extension settings, History Delete Directives, Device Info, User Consents, Send Tab To Self, Web Apps, Collection, Edge E Drop, Edge Hub App Usage, Edge Tab Group, Edge Wallet, Encryption Keys}
{"logTime": "1001/235801", "correlationVector":"Vz+paxpH6xCfdeFFZjh0ko.1","action":"SyncServerConnectionManagerRequest", "result":"SYNC_SERVER_OK", "context":{"environment":"Prod_WestEurope_000l", "migrationStage":"NotStarted", "server":"GENERAL01000017"}}
{"logTime": "1001/235801", "correlationVector":"Vz+paxpH6xCfdeFFZjh0ko.2","action":"GetUpdates Response", "result":"Success", "context":Received 0 update(s). cV=Vz+paxpH6xCfdeFFZjh0ko.0;server=GENERAL01000017;cloudType=Consumer;environment=Prod_WestEurope_000l;migrationStage=NotStarted}
{"logTime": "1002/000449", "correlationVector":"8B0uoTpUgWc3hLODaHjRa1","action":"Normal GetUpdate request", "result":"", "context":cV=8B0uoTpUgWc3hLODaHjRa1
Refresh requested types: Bookmarks, Preferences, Passwords, Autofill Profiles, Autofill, Typed URLs, Extensions, Sessions, Extension settings, History Delete Directives, Device Info, User Consents, Send Tab To Self, Web Apps, Collection, Edge E Drop, Edge Hub App Usage, Edge Tab Group, Edge Wallet, Encryption Keys}
{"logTime": "1002/000450", "correlationVector":"8B0uoTpUgWc3hLODaHjRa1.1","action":"SyncServerConnectionManagerRequest", "result":"SYNC_SERVER_OK", "context":{"environment":"Prod_WestEurope_000l", "migrationStage":"NotStarted", "server":"GENERAL0100001F"}}
{"logTime": "1002/000450", "correlationVector":"8B0uoTpUgWc3hLODaHjRa1.2","action":"GetUpdates Response", "result":"Success", "context":Received 1 update(s). cV=8B0uoTpUgWc3hLODaHjRa1.0;server=GENERAL0100001F;cloudType=Consumer;environment=Prod_WestEurope_000l;migrationStage=NotStarted}
{"logTime": "1002/001128", "correlationVector":"E8JsHshRgmMPoiwhkZWziN","action":"Normal GetUpdate request", "result":"", "context":cV=E8JsHshRgmMPoiwhkZWziN
Refresh requested types: Bookmarks, Preferences, Passwords, Autofill Profiles, Autofill, Typed URLs, Extensions, Sessions, Extension settings, History Delete Directives, Device Info, User Consents, Send Tab To Self, Web Apps, Collection, Edge E Drop, Edge Hub App Usage, Edge Tab Group, Edge Wallet, Encryption Keys}
{"logTime": "1002/001131", "correlationVector":"E8JsHshRgmMPoiwhkZWziN.1","action":"SyncServerConnectionManagerRequest", "result":"SYNC_SERVER_OK", "context":{"environment":"Prod_WestEurope_000l", "migrationStage":"NotStarted", "server":"GENERAL0100001D"}}
{"logTime": "1002/001131", "correlationVector":"E8JsHshRgmMPoiwhkZWziN.2","action":"GetUpdates Response", "result":"Success", "context":Received 0 update(s). cV=E8JsHshRgmMPoiwhkZWziN.0;server=GENERAL0100001D;cloudType=Consumer;environment=Prod_WestEurope_000l;migrationStage=NotStarted}
{"logTime": "1002/001628", "correlationVector":"iI9ZtJqFDFd7uIIA7rHJw9","action":"Normal GetUpdate request", "result":"", "context":cV=iI9ZtJqFDFd7uIIA7rHJw9
Refresh requested types: Bookmarks, Preferences, Passwords, Autofill Profiles, Autofill, Typed URLs, Extensions, Sessions, Extension settings, History Delete Directives, Device Info, User Consents, Send Tab To Self, Web Apps, Collection, Edge E Drop, Edge Hub App Usage, Edge Tab Group, Edge Wallet, Encryption Keys}
{"logTime": "1002/001710", "correlationVector":"iI9ZtJqFDFd7uIIA7rHJw9","action":"SyncServerConnectionManagerRequest", "result":"CONNECTION_UNAVAILABLE", "context":{"error_type":"net_error_code", "error_value":"-118"}}
{"logTime": "1002/001710", "correlationVector":"Ti7U2BLOb9TxabxMhfvgir.0","action":"GetUpdates Response", "result":"Network error (ERR_CONNECTION_TIMED_OUT)", "context":Received error: Network error (ERR_CONNECTION_TIMED_OUT). }
{"logTime": "1002/001719", "correlationVector":"OFUY6uQtdrPmntiwJS9xv5","action":"Normal GetUpdate request", "result":"", "context":cV=OFUY6uQtdrPmntiwJS9xv5
Refresh requested types: Bookmarks, Preferences, Passwords, Autofill Profiles, Autofill, Typed URLs, Extensions, Sessions, Extension settings, History Delete Directives, Device Info, User Consents, Send Tab To Self, Web Apps, Collection, Edge E Drop, Edge Hub App Usage, Edge Tab Group, Edge Wallet, Encryption Keys}
{"logTime": "1002/001722", "correlationVector":"OFUY6uQtdrPmntiwJS9xv5","action":"SyncServerConnectionManagerRequest", "result":"CONNECTION_UNAVAILABLE", "context":{"error_type":"net_error_code", "error_value":"-21"}}
{"logTime": "1002/001723", "correlationVector":"vbvIOwBdAdFg0Jo134UtHI.0","action":"GetUpdates Response", "result":"Network error (ERR_NETWORK_CHANGED)", "context":Received error: Network error (ERR_NETWORK_CHANGED). }
{"logTime": "1002/001724", "correlationVector":"4dbq/gw5L/BGeTmzHm2kuU","action":"Normal GetUpdate request", "result":"", "context":cV=4dbq/gw5L/BGeTmzHm2kuU
Refresh requested types: Bookmarks, Preferences, Passwords, Autofill Profiles, Autofill, Typed URLs, Extensions, Sessions, Extension settings, History Delete Directives, Device Info, User Consents, Send Tab To Self, Web Apps, Collection, Edge E Drop, Edge Hub App Usage, Edge Tab Group, Edge Wallet, Encryption Keys}
{"logTime": "1002/001725", "correlationVector":"4dbq/gw5L/BGeTmzHm2kuU.1","action":"SyncServerConnectionManagerRequest", "result":"SYNC_SERVER_OK", "context":{"environment":"Prod_WestEurope_000l", "migrationStage":"NotStarted", "server":"GENERAL0100000U"}}
{"logTime": "1002/001725", "correlationVector":"4dbq/gw5L/BGeTmzHm2kuU.2","action":"GetUpdates Response", "result":"Success", "context":Received 0 update(s). cV=4dbq/gw5L/BGeTmzHm2kuU.0;server=GENERAL0100000U;cloudType=Consumer;environment=Prod_WestEurope_000l;migrationStage=NotStarted}
{"logTime": "1002/002128", "correlationVector":"uIm4OMeGrZeRX+/xS2mFeT","action":"Normal GetUpdate request", "result":"", "context":cV=uIm4OMeGrZeRX+/xS2mFeT
Refresh requested types: Bookmarks, Preferences, Passwords, Autofill Profiles, Autofill, Typed URLs, Extensions, Sessions, Extension settings, History Delete Directives, Device Info, User Consents, Send Tab To Self, Web Apps, Collection, Edge E Drop, Edge Hub App Usage, Edge Tab Group, Edge Wallet, Encryption Keys}
{"logTime": "1002/002129", "correlationVector":"uIm4OMeGrZeRX+/xS2mFeT.1","action":"SyncServerConnectionManagerRequest", "result":"SYNC_SERVER_OK", "context":{"environment":"Prod_WestEurope_000l", "migrationStage":"NotStarted", "server":"GENERAL0100001D"}}
{"logTime": "1002/002129", "correlationVector":"uIm4OMeGrZeRX+/xS2mFeT.2","action":"GetUpdates Response", "result":"Success", "context":Received 1 update(s). cV=uIm4OMeGrZeRX+/xS2mFeT.0;server=GENERAL0100001D;cloudType=Consumer;environment=Prod_WestEurope_000l;migrationStage=NotStarted}
